[0.044s] Invoking command in '/home/ubuntu/relBot/build/relbot_sequence_controller': CMAKE_PREFIX_PATH=${CMAKE_PREFIX_PATH}:/opt/ros/jazzy DEBUGINFOD_URLS=https://debuginfod.ubuntu.com /usr/bin/cmake /home/ubuntu/relBot/src/relbot_sequence_controller -DCMAKE_INSTALL_PREFIX=/home/ubuntu/relBot/install/relbot_sequence_controller
[0.239s] -- The C compiler identification is GNU 13.3.0
[1.227s] -- The CXX compiler identification is GNU 13.3.0
[2.341s] -- Detecting C compiler ABI info
[2.620s] -- Detecting C compiler ABI info - done
[2.637s] -- Check for working C compiler: /usr/bin/cc - skipped
[2.637s] -- Detecting C compile features
[2.639s] -- Detecting C compile features - done
[2.750s] -- Detecting CXX compiler ABI info
[3.065s] -- Detecting CXX compiler ABI info - done
[3.085s] -- Check for working CXX compiler: /usr/bin/c++ - skipped
[3.085s] -- Detecting CXX compile features
[3.086s] -- Detecting CXX compile features - done
[3.091s] -- Found ament_cmake: 2.5.3 (/opt/ros/jazzy/share/ament_cmake/cmake)
[3.327s] -- Found Python3: /usr/bin/python3 (found version "3.12.3") found components: Interpreter 
[3.503s] -- Found rclcpp: 28.1.6 (/opt/ros/jazzy/share/rclcpp/cmake)
[3.736s] -- Found rosidl_generator_c: 4.6.5 (/opt/ros/jazzy/share/rosidl_generator_c/cmake)
[3.772s] -- Found rosidl_generator_cpp: 4.6.5 (/opt/ros/jazzy/share/rosidl_generator_cpp/cmake)
[3.812s] -- Using all available rosidl_typesupport_c: rosidl_typesupport_fastrtps_c;rosidl_typesupport_introspection_c
[3.849s] -- Using all available rosidl_typesupport_cpp: rosidl_typesupport_fastrtps_cpp;rosidl_typesupport_introspection_cpp
[3.983s] -- Found rmw_implementation_cmake: 7.3.1 (/opt/ros/jazzy/share/rmw_implementation_cmake/cmake)
[3.988s] -- Found rmw_fastrtps_cpp: 8.4.1 (/opt/ros/jazzy/share/rmw_fastrtps_cpp/cmake)
[4.123s] -- Found OpenSSL: /usr/lib/x86_64-linux-gnu/libcrypto.so (found version "3.0.13")  
[4.370s] -- Found FastRTPS: /opt/ros/jazzy/include (Required is at least version "2.13") 
[4.514s] -- Using RMW implementation 'rmw_fastrtps_cpp' as default
[4.810s] -- Found example_interfaces: 0.12.0 (/opt/ros/jazzy/share/example_interfaces/cmake)
[4.917s] -- Found sensor_msgs: 5.3.5 (/opt/ros/jazzy/share/sensor_msgs/cmake)
[5.012s] -- Found cv_bridge: 4.1.0 (/opt/ros/jazzy/share/cv_bridge/cmake)
[5.029s] -- Found ament_lint_auto: 0.17.1 (/opt/ros/jazzy/share/ament_lint_auto/cmake)
[5.198s] -- Added test 'cppcheck' to perform static code analysis on C / C++ code
[5.199s] -- Configured cppcheck include dirs: /home/ubuntu/relBot/src/relbot_sequence_controller/include
[5.199s] -- Configured cppcheck exclude dirs and/or files: 
[5.201s] -- Added test 'lint_cmake' to check CMake code style
[5.203s] -- Added test 'uncrustify' to check C / C++ code style
[5.204s] -- Configured uncrustify additional arguments: 
[5.205s] -- Added test 'xmllint' to check XML markup files
[5.208s] -- Configuring done (5.2s)
[5.245s] -- Generating done (0.0s)
[5.259s] -- Build files have been written to: /home/ubuntu/relBot/build/relbot_sequence_controller
[5.280s] Invoked command in '/home/ubuntu/relBot/build/relbot_sequence_controller' returned '0': CMAKE_PREFIX_PATH=${CMAKE_PREFIX_PATH}:/opt/ros/jazzy DEBUGINFOD_URLS=https://debuginfod.ubuntu.com /usr/bin/cmake /home/ubuntu/relBot/src/relbot_sequence_controller -DCMAKE_INSTALL_PREFIX=/home/ubuntu/relBot/install/relbot_sequence_controller
[5.281s] Invoking command in '/home/ubuntu/relBot/build/relbot_sequence_controller': CMAKE_PREFIX_PATH=${CMAKE_PREFIX_PATH}:/opt/ros/jazzy DEBUGINFOD_URLS=https://debuginfod.ubuntu.com /usr/bin/cmake --build /home/ubuntu/relBot/build/relbot_sequence_controller -- -j8 -l8
[5.362s] [ 50%] [32mBuilding CXX object CMakeFiles/relbot_sequence_controller.dir/src/relbot_sequence_controller.cpp.o[0m
[14.256s] [01m[K/home/ubuntu/relBot/src/relbot_sequence_controller/src/relbot_sequence_controller.cpp:[m[K In member function â€˜[01m[Kvoid SteerRelbot::[01;32m[Kwebcam_topic_callback[m[K(sensor_msgs::msg::Image_<std::allocator<void> >::SharedPtr)[m[Kâ€™:
[14.256s] [01m[K/home/ubuntu/relBot/src/relbot_sequence_controller/src/relbot_sequence_controller.cpp:112:3:[m[K [01;31m[Kerror: [m[Kâ€˜[01m[Kinput_image[m[Kâ€™ was not declared in this scope
[14.256s]   112 |   [01;31m[Kinput_image[m[K = msg_cam_img;
[14.256s]       |   [01;31m[K^~~~~~~~~~~[m[K
[19.718s] gmake[2]: *** [CMakeFiles/relbot_sequence_controller.dir/build.make:76: CMakeFiles/relbot_sequence_controller.dir/src/relbot_sequence_controller.cpp.o] Error 1
[19.719s] gmake[1]: *** [CMakeFiles/Makefile2:137: CMakeFiles/relbot_sequence_controller.dir/all] Error 2
[19.719s] gmake: *** [Makefile:146: all] Error 2
[19.724s] Invoked command in '/home/ubuntu/relBot/build/relbot_sequence_controller' returned '2': CMAKE_PREFIX_PATH=${CMAKE_PREFIX_PATH}:/opt/ros/jazzy DEBUGINFOD_URLS=https://debuginfod.ubuntu.com /usr/bin/cmake --build /home/ubuntu/relBot/build/relbot_sequence_controller -- -j8 -l8
