Start testing: Mar 30 23:43 CEST
----------------------------------------------------------
1/4 Testing: flake8
1/4 Test: flake8
Command: "/usr/bin/python3" "-u" "/opt/ros/jazzy/share/ament_cmake_test/cmake/run_test.py" "/home/ubuntu/relBot/build/relbot_launch/test_results/relbot_launch/flake8.xunit.xml" "--package-name" "relbot_launch" "--output-file" "/home/ubuntu/relBot/build/relbot_launch/ament_flake8/flake8.txt" "--command" "/opt/ros/jazzy/bin/ament_flake8" "--xunit-file" "/home/ubuntu/relBot/build/relbot_launch/test_results/relbot_launch/flake8.xunit.xml"
Directory: /home/ubuntu/relBot/src/relbot_launch
"flake8" start time: Mar 30 23:43 CEST
Output:
----------------------------------------------------------
-- run_test.py: invoking following command in '/home/ubuntu/relBot/src/relbot_launch':
 - /opt/ros/jazzy/bin/ament_flake8 --xunit-file /home/ubuntu/relBot/build/relbot_launch/test_results/relbot_launch/flake8.xunit.xml
from ament_index_python.packages import get_package_share_directory
^
def generate_launch_description():
^
    config_path = os.path.join(
    ^
            parameters=["src/cam2image_vm2ros/config/cam2image.yaml"],  
                        ^
            parameters=["src/cam2image_vm2ros/config/cam2image.yaml"],  
                                                                      ^
            package="my_image_processor",
                    ^
            executable="image_processor"
                       ^
        
^

^
from ament_index_python.packages import get_package_share_directory
^
def generate_launch_description():
^
      )    
       ^
            package="relbot_simulator",
                    ^
            executable="relbot_simulator",
                       ^
            name="relbot_simulator"
                 ^
            package="relbot2turtlesim",
                    ^
            executable="relbot2turtlesim",
                       ^
            name="relbot2turtlesim"
                 ^
            package="turtlesim",
                    ^
            executable="turtlesim_node",
                       ^
            name="turtlesim"
                 ^
            package="relbot_sequence_controller",
                    ^
            executable="relbot_sequence_controller",
                       ^
            name="relbot_sequence_controller"
                 ^
        ),      
          ^
            package="cam2image_vm2ros",
                    ^
            executable="cam2image",
                       ^
            name="fuckyou",
                 ^
        )   
         ^
from launch.substitutions import LaunchConfiguration
^
from launch.actions import DeclareLaunchArgument
^
from launch.actions import DeclareLaunchArgument
^
    #     description="Whether to use Twist command mode. If set to false, uses individual motor command mode.",
                                                                                                   ^
        package="relbot_simulator",
                ^
        executable="relbot_simulator",
                   ^
        name="relbot_sim",
             ^
        parameters=[{"use_twist_cmd": True}]
                     ^
        package="relbot2turtlesim",
                ^
        executable="relbot2turtlesim",
                   ^
        name="pose_to_TS"
             ^
        package="turtlesim",
                ^
        executable="turtlesim_node",
                   ^
        name="robotturtle"
             ^
from launch.substitutions import LaunchConfiguration
^
from launch.actions import DeclareLaunchArgument
^
from launch.actions import DeclareLaunchArgument
^
    #     description="Whether to use Twist command mode. If set to false, uses individual motor command mode.",
                                                                                                   ^
        package="joy",
                ^
        executable="joy_node",
                   ^
        name="joystick_input_handler"
             ^
    
^
        package="relbot_joystick",
                ^
        executable="relbot_joystick",
                   ^
        name="relbot_joystick"
             ^
        package="relbot_simulator",
                ^
        executable="relbot_simulator",
                   ^
        name="relbot_sim",
             ^
        parameters=[{"use_twist_cmd": True}]
                     ^
        package="relbot2turtlesim",
                ^
        executable="relbot2turtlesim",
                   ^
        name="pose_to_TS"
             ^
        package="turtlesim",
                ^
        executable="turtlesim_node",
                   ^
        name="robotturtle"
             ^
def generate_launch_description():
^
            package="relbot_simulator",
                    ^
            executable="relbot_simulator",
                       ^
            name="relbot_sim"
                 ^
            package="relbot2turtlesim",
                    ^
            executable="relbot2turtlesim",
                       ^
            name="relbot2TS"
                 ^
            package="turtlesim",
                    ^
            executable="turtlesim_node",
                       ^
            name="turtlesim"
                 ^
    ])      ^
3     E302 expected 2 blank lines, found 1
2     E501 line too long (112 > 99 characters)
4     F401 'launch.substitutions.LaunchConfiguration' imported but unused
1     F841 local variable 'config_path' is assigned to but never used
2     I100 Import statements are in the wrong order. 'from launch.actions import DeclareLaunchArgument' should be before 'from launch.substitutions import LaunchConfiguration'
2     I201 Missing newline between import groups. 'from ament_index_python.packages import get_package_share_directory' is identified as Third Party and 'import os' is identified as Stdlib.
53    Q000 Double quotes found but single quotes preferred
4     W291 trailing whitespace
1     W292 no newline at end of file
2     W293 blank line contains whitespace
1     W391 blank line at end of file

./launch/relbot_cam2image.launch.py:2:1: I201 Missing newline between import groups. 'from ament_index_python.packages import get_package_share_directory' is identified as Third Party and 'import os' is identified as Stdlib.

./launch/relbot_cam2image.launch.py:6:1: E302 expected 2 blank lines, found 1

./launch/relbot_cam2image.launch.py:7:5: F841 local variable 'config_path' is assigned to but never used

./launch/relbot_cam2image.launch.py:17:25: Q000 Double quotes found but single quotes preferred

./launch/relbot_cam2image.launch.py:17:71: W291 trailing whitespace

./launch/relbot_cam2image.launch.py:20:21: Q000 Double quotes found but single quotes preferred

./launch/relbot_cam2image.launch.py:21:24: Q000 Double quotes found but single quotes preferred

./launch/relbot_cam2image.launch.py:33:1: W293 blank line contains whitespace

./launch/relbot_cam2image.launch.py:36:1: W391 blank line at end of file

./launch/relbot_sequence_controller.launch.py:2:1: I201 Missing newline between import groups. 'from ament_index_python.packages import get_package_share_directory' is identified as Third Party and 'import os' is identified as Stdlib.

./launch/relbot_sequence_controller.launch.py:6:1: E302 expected 2 blank lines, found 1

./launch/relbot_sequence_controller.launch.py:11:8: W291 trailing whitespace

./launch/relbot_sequence_controller.launch.py:14:21: Q000 Double quotes found but single quotes preferred

./launch/relbot_sequence_controller.launch.py:15:24: Q000 Double quotes found but single quotes preferred

./launch/relbot_sequence_controller.launch.py:16:18: Q000 Double quotes found but single quotes preferred

./launch/relbot_sequence_controller.launch.py:19:21: Q000 Double quotes found but single quotes preferred

./launch/relbot_sequence_controller.launch.py:20:24: Q000 Double quotes found but single quotes preferred

./launch/relbot_sequence_controller.launch.py:21:18: Q000 Double quotes found but single quotes preferred

./launch/relbot_sequence_controller.launch.py:24:21: Q000 Double quotes found but single quotes preferred

./launch/relbot_sequence_controller.launch.py:25:24: Q000 Double quotes found but single quotes preferred

./launch/relbot_sequence_controller.launch.py:26:18: Q000 Double quotes found but single quotes preferred

./launch/relbot_sequence_controller.launch.py:29:21: Q000 Double quotes found but single quotes preferred

./launch/relbot_sequence_controller.launch.py:30:24: Q000 Double quotes found but single quotes preferred

./launch/relbot_sequence_controller.launch.py:31:18: Q000 Double quotes found but single quotes preferred

./launch/relbot_sequence_controller.launch.py:32:11: W291 trailing whitespace

./launch/relbot_sequence_controller.launch.py:34:21: Q000 Double quotes found but single quotes preferred

./launch/relbot_sequence_controller.launch.py:35:24: Q000 Double quotes found but single quotes preferred

./launch/relbot_sequence_controller.launch.py:36:18: Q000 Double quotes found but single quotes preferred

./launch/relbot_sequence_controller.launch.py:38:10: W291 trailing whitespace

./launch/relbot_system.launch.py:2:1: F401 'launch.substitutions.LaunchConfiguration' imported but unused

./launch/relbot_system.launch.py:3:1: I100 Import statements are in the wrong order. 'from launch.actions import DeclareLaunchArgument' should be before 'from launch.substitutions import LaunchConfiguration'

./launch/relbot_system.launch.py:3:1: F401 'launch.actions.DeclareLaunchArgument' imported but unused

./launch/relbot_system.launch.py:12:100: E501 line too long (112 > 99 characters)

./launch/relbot_system.launch.py:16:17: Q000 Double quotes found but single quotes preferred

./launch/relbot_system.launch.py:17:20: Q000 Double quotes found but single quotes preferred

./launch/relbot_system.launch.py:18:14: Q000 Double quotes found but single quotes preferred

./launch/relbot_system.launch.py:19:22: Q000 Double quotes found but single quotes preferred

./launch/relbot_system.launch.py:23:17: Q000 Double quotes found but single quotes preferred

./launch/relbot_system.launch.py:24:20: Q000 Double quotes found but single quotes preferred

./launch/relbot_system.launch.py:25:14: Q000 Double quotes found but single quotes preferred

./launch/relbot_system.launch.py:29:17: Q000 Double quotes found but single quotes preferred

./launch/relbot_system.launch.py:30:20: Q000 Double quotes found but single quotes preferred

./launch/relbot_system.launch.py:31:14: Q000 Double quotes found but single quotes preferred

./launch/relbot_system_joystick.launch.py:2:1: F401 'launch.substitutions.LaunchConfiguration' imported but unused

./launch/relbot_system_joystick.launch.py:3:1: I100 Import statements are in the wrong order. 'from launch.actions import DeclareLaunchArgument' should be before 'from launch.substitutions import LaunchConfiguration'

./launch/relbot_system_joystick.launch.py:3:1: F401 'launch.actions.DeclareLaunchArgument' imported but unused

./launch/relbot_system_joystick.launch.py:12:100: E501 line too long (112 > 99 characters)

./launch/relbot_system_joystick.launch.py:16:17: Q000 Double quotes found but single quotes preferred

./launch/relbot_system_joystick.launch.py:17:20: Q000 Double quotes found but single quotes preferred

./launch/relbot_system_joystick.launch.py:18:14: Q000 Double quotes found but single quotes preferred

./launch/relbot_system_joystick.launch.py:20:1: W293 blank line contains whitespace

./launch/relbot_system_joystick.launch.py:22:17: Q000 Double quotes found but single quotes preferred

./launch/relbot_system_joystick.launch.py:23:20: Q000 Double quotes found but single quotes preferred

./launch/relbot_system_joystick.launch.py:24:14: Q000 Double quotes found but single quotes preferred

./launch/relbot_system_joystick.launch.py:28:17: Q000 Double quotes found but single quotes preferred

./launch/relbot_system_joystick.launch.py:29:20: Q000 Double quotes found but single quotes preferred

./launch/relbot_system_joystick.launch.py:30:14: Q000 Double quotes found but single quotes preferred

./launch/relbot_system_joystick.launch.py:31:22: Q000 Double quotes found but single quotes preferred

./launch/relbot_system_joystick.launch.py:35:17: Q000 Double quotes found but single quotes preferred

./launch/relbot_system_joystick.launch.py:36:20: Q000 Double quotes found but single quotes preferred

./launch/relbot_system_joystick.launch.py:37:14: Q000 Double quotes found but single quotes preferred

./launch/relbot_system_joystick.launch.py:41:17: Q000 Double quotes found but single quotes preferred

./launch/relbot_system_joystick.launch.py:42:20: Q000 Double quotes found but single quotes preferred

./launch/relbot_system_joystick.launch.py:43:14: Q000 Double quotes found but single quotes preferred

./launch/relbot_to_turtle.launch.py:4:1: E302 expected 2 blank lines, found 1

./launch/relbot_to_turtle.launch.py:7:21: Q000 Double quotes found but single quotes preferred

./launch/relbot_to_turtle.launch.py:8:24: Q000 Double quotes found but single quotes preferred

./launch/relbot_to_turtle.launch.py:9:18: Q000 Double quotes found but single quotes preferred

./launch/relbot_to_turtle.launch.py:12:21: Q000 Double quotes found but single quotes preferred

./launch/relbot_to_turtle.launch.py:13:24: Q000 Double quotes found but single quotes preferred

./launch/relbot_to_turtle.launch.py:14:18: Q000 Double quotes found but single quotes preferred

./launch/relbot_to_turtle.launch.py:17:21: Q000 Double quotes found but single quotes preferred

./launch/relbot_to_turtle.launch.py:18:24: Q000 Double quotes found but single quotes preferred

./launch/relbot_to_turtle.launch.py:19:18: Q000 Double quotes found but single quotes preferred

./launch/relbot_to_turtle.launch.py:21:7: W292 no newline at end of file


5 files checked
75 errors

'E'-type errors: 5
'F'-type errors: 5
'I'-type errors: 4
'Q'-type errors: 53
'W'-type errors: 8

Checked files:

* ./launch/relbot_cam2image.launch.py
* ./launch/relbot_sequence_controller.launch.py
* ./launch/relbot_to_turtle.launch.py
* ./launch/relbot_system_joystick.launch.py
* ./launch/relbot_system.launch.py
-- run_test.py: return code 1
-- run_test.py: verify result file '/home/ubuntu/relBot/build/relbot_launch/test_results/relbot_launch/flake8.xunit.xml'
<end of output>
Test time =   1.23 sec
----------------------------------------------------------
Test Failed.
"flake8" end time: Mar 30 23:43 CEST
"flake8" time elapsed: 00:00:01
----------------------------------------------------------

2/4 Testing: lint_cmake
2/4 Test: lint_cmake
Command: "/usr/bin/python3" "-u" "/opt/ros/jazzy/share/ament_cmake_test/cmake/run_test.py" "/home/ubuntu/relBot/build/relbot_launch/test_results/relbot_launch/lint_cmake.xunit.xml" "--package-name" "relbot_launch" "--output-file" "/home/ubuntu/relBot/build/relbot_launch/ament_lint_cmake/lint_cmake.txt" "--command" "/opt/ros/jazzy/bin/ament_lint_cmake" "--xunit-file" "/home/ubuntu/relBot/build/relbot_launch/test_results/relbot_launch/lint_cmake.xunit.xml"
Directory: /home/ubuntu/relBot/src/relbot_launch
"lint_cmake" start time: Mar 30 23:43 CEST
Output:
----------------------------------------------------------
-- run_test.py: invoking following command in '/home/ubuntu/relBot/src/relbot_launch':
 - /opt/ros/jazzy/bin/ament_lint_cmake --xunit-file /home/ubuntu/relBot/build/relbot_launch/test_results/relbot_launch/lint_cmake.xunit.xml

No problems found
-- run_test.py: return code 0
-- run_test.py: verify result file '/home/ubuntu/relBot/build/relbot_launch/test_results/relbot_launch/lint_cmake.xunit.xml'
<end of output>
Test time =   0.27 sec
----------------------------------------------------------
Test Passed.
"lint_cmake" end time: Mar 30 23:43 CEST
"lint_cmake" time elapsed: 00:00:00
----------------------------------------------------------

3/4 Testing: pep257
3/4 Test: pep257
Command: "/usr/bin/python3" "-u" "/opt/ros/jazzy/share/ament_cmake_test/cmake/run_test.py" "/home/ubuntu/relBot/build/relbot_launch/test_results/relbot_launch/pep257.xunit.xml" "--package-name" "relbot_launch" "--output-file" "/home/ubuntu/relBot/build/relbot_launch/ament_pep257/pep257.txt" "--command" "/opt/ros/jazzy/bin/ament_pep257" "--xunit-file" "/home/ubuntu/relBot/build/relbot_launch/test_results/relbot_launch/pep257.xunit.xml"
Directory: /home/ubuntu/relBot/src/relbot_launch
"pep257" start time: Mar 30 23:43 CEST
Output:
----------------------------------------------------------
-- run_test.py: invoking following command in '/home/ubuntu/relBot/src/relbot_launch':
 - /opt/ros/jazzy/bin/ament_pep257 --xunit-file /home/ubuntu/relBot/build/relbot_launch/test_results/relbot_launch/pep257.xunit.xml
checking ./launch/relbot_cam2image.launch.py
checking ./launch/relbot_sequence_controller.launch.py
checking ./launch/relbot_system.launch.py
checking ./launch/relbot_system_joystick.launch.py
checking ./launch/relbot_to_turtle.launch.py
No problems found
-- run_test.py: return code 0
-- run_test.py: verify result file '/home/ubuntu/relBot/build/relbot_launch/test_results/relbot_launch/pep257.xunit.xml'
<end of output>
Test time =   0.31 sec
----------------------------------------------------------
Test Passed.
"pep257" end time: Mar 30 23:43 CEST
"pep257" time elapsed: 00:00:00
----------------------------------------------------------

4/4 Testing: xmllint
4/4 Test: xmllint
Command: "/usr/bin/python3" "-u" "/opt/ros/jazzy/share/ament_cmake_test/cmake/run_test.py" "/home/ubuntu/relBot/build/relbot_launch/test_results/relbot_launch/xmllint.xunit.xml" "--package-name" "relbot_launch" "--output-file" "/home/ubuntu/relBot/build/relbot_launch/ament_xmllint/xmllint.txt" "--command" "/opt/ros/jazzy/bin/ament_xmllint" "--xunit-file" "/home/ubuntu/relBot/build/relbot_launch/test_results/relbot_launch/xmllint.xunit.xml"
Directory: /home/ubuntu/relBot/src/relbot_launch
"xmllint" start time: Mar 30 23:43 CEST
Output:
----------------------------------------------------------
-- run_test.py: invoking following command in '/home/ubuntu/relBot/src/relbot_launch':
 - /opt/ros/jazzy/bin/ament_xmllint --xunit-file /home/ubuntu/relBot/build/relbot_launch/test_results/relbot_launch/xmllint.xunit.xml
File 'package.xml' is valid

No problems found
-- run_test.py: return code 0
-- run_test.py: verify result file '/home/ubuntu/relBot/build/relbot_launch/test_results/relbot_launch/xmllint.xunit.xml'
<end of output>
Test time =   0.67 sec
----------------------------------------------------------
Test Passed.
"xmllint" end time: Mar 30 23:43 CEST
"xmllint" time elapsed: 00:00:00
----------------------------------------------------------

End testing: Mar 30 23:43 CEST

flake8 =   1.23 sec*proc

lint_cmake =   0.27 sec*proc

linter =   2.47 sec*proc

pep257 =   0.31 sec*proc

xmllint =   0.67 sec*proc

