[ 50%] [32mBuilding CXX object CMakeFiles/image_processor.dir/src/image_processor.cpp.o[0m
[01m[K/home/ubuntu/relBot/src/my_image_processor/src/image_processor.cpp:[m[K In member function â€˜[01m[Kvoid ImageProcessor::[01;32m[Ktrack_green_object[m[K(cv::Mat&)[m[Kâ€™:
[01m[K/home/ubuntu/relBot/src/my_image_processor/src/image_processor.cpp:59:30:[m[K [01;31m[Kerror: [m[Kâ€˜[01m[Kframe_width[m[Kâ€™ was not declared in this scope
   59 |    center_msg.point.y = [01;31m[Kframe_width[m[K/2;
      |                         [01;31m[K^~~~~~~~~~~[m[K

[01m[K/home/ubuntu/relBot/src/my_image_processor/src/image_processor.cpp:[m[K In member function â€˜[01m[Kvoid ImageProcessor::[01;32m[Kimage_callback[m[K(sensor_msgs::msg::Image_<std::allocator<void> >::SharedPtr)[m[Kâ€™:
[01m[K/home/ubuntu/relBot/src/my_image_processor/src/image_processor.cpp:74:16:[m[K [01;35m[Kwarning: [m[Kunused variable â€˜[01m[Kframe_width[m[Kâ€™ [[01;35m[K]8;;https://gcc.gnu.org/onlinedocs/gcc/Warning-Options.html#index-Wunused-variable-Wunused-variable]8;;[m[K]
   74 |         double [01;35m[Kframe_width[m[K = msg->width;
      |                [01;35m[K^~~~~~~~~~~[m[K
gmake[2]: *** [CMakeFiles/image_processor.dir/build.make:76: CMakeFiles/image_processor.dir/src/image_processor.cpp.o] Error 1
gmake[1]: *** [CMakeFiles/Makefile2:137: CMakeFiles/image_processor.dir/all] Error 2
gmake: *** [Makefile:146: all] Error 2
