In file included from [01m[K/home/ubuntu/relBot/src/my_image_processor/src/image_processor.cpp:5[m[K:
[01m[K/home/ubuntu/relBot/src/my_image_processor/include/image_processor.hpp:20:43:[m[K [01;31m[Kerror: [m[Kâ€˜[01m[KPointStamped[m[Kâ€™ is not a member of â€˜[01m[Kgeometry_msgs::msg[m[Kâ€™
   20 |     rclcpp::Publisher<geometry_msgs::msg::[01;31m[KPointStamped[m[K>::SharedPtr cordinatesImage_;
      |                                           [01;31m[K^~~~~~~~~~~~[m[K
[01m[K/home/ubuntu/relBot/src/my_image_processor/include/image_processor.hpp:20:55:[m[K [01;31m[Kerror: [m[Ktemplate argument 1 is invalid
   20 |     rclcpp::Publisher<geometry_msgs::msg::PointStamped[01;31m[K>[m[K::SharedPtr cordinatesImage_;
      |                                                       [01;31m[K^[m[K
[01m[K/home/ubuntu/relBot/src/my_image_processor/include/image_processor.hpp:20:58:[m[K [01;31m[Kerror: [m[Kexpected â€˜[01m[K;[m[Kâ€™ at end of member declaration
   20 |  rclcpp::Publisher<geometry_msgs::msg::PointStamped>::[01;31m[KSharedPtr[m[K cordinatesImage_;
      |                                                       [01;31m[K^~~~~~~~~[m[K
      |                                                                [32m[K;[m[K
[01m[K/home/ubuntu/relBot/src/my_image_processor/include/image_processor.hpp:20:68:[m[K [01;31m[Kerror: [m[Kâ€˜[01m[KcordinatesImage_[m[Kâ€™ does not name a type
   20 | ublisher<geometry_msgs::msg::PointStamped>::SharedPtr [01;31m[KcordinatesImage_[m[K;
      |                                                       [01;31m[K^~~~~~~~~~~~~~~~[m[K

[01m[K/home/ubuntu/relBot/src/my_image_processor/src/image_processor.cpp:[m[K In constructor â€˜[01m[KImageProcessor::[01;32m[KImageProcessor[m[K()[m[Kâ€™:
[01m[K/home/ubuntu/relBot/src/my_image_processor/src/image_processor.cpp:11:5:[m[K [01;31m[Kerror: [m[Kâ€˜[01m[KcordinatesImage_[m[Kâ€™ was not declared in this scope
   11 |     [01;31m[KcordinatesImage_[m[K=this->create_publisher<geometry_msgs::msg::PointStamped>("/green_object_position",10);
      |     [01;31m[K^~~~~~~~~~~~~~~~[m[K
[01m[K/home/ubuntu/relBot/src/my_image_processor/src/image_processor.cpp:11:65:[m[K [01;31m[Kerror: [m[Kâ€˜[01m[KPointStamped[m[Kâ€™ is not a member of â€˜[01m[Kgeometry_msgs::msg[m[Kâ€™
   11 | atesImage_=this->create_publisher<geometry_msgs::msg::[01;31m[KPointStamped[m[K>("/green_object_position",10);
      |                                                       [01;31m[K^~~~~~~~~~~~[m[K

[01m[K/home/ubuntu/relBot/src/my_image_processor/src/image_processor.cpp:11:78:[m[K [01;31m[Kerror: [m[Kno matching function for call to â€˜[01m[KImageProcessor::create_publisher<<expression error> >(const char [23], int)[m[Kâ€™
   11 | [01;31m[Kis->create_publisher<geometry_msgs::msg::PointStamped>("/green_object_position",10)[m[K;
      | [01;31m[K~~~~~~~~~~~~~~~~~~~~~~~~~~~~~~~~~~~~~~~~~~~~~~~~~~~~~~^~~~~~~~~~~~~~~~~~~~~~~~~~~~~[m[K

In file included from [01m[K/opt/ros/jazzy/include/rclcpp/rclcpp/executors/single_threaded_executor.hpp:28[m[K,
                 from [01m[K/opt/ros/jazzy/include/rclcpp/rclcpp/executors.hpp:22[m[K,
                 from [01m[K/opt/ros/jazzy/include/rclcpp/rclcpp/rclcpp.hpp:172[m[K,
                 from [01m[K/home/ubuntu/relBot/src/my_image_processor/include/image_processor.hpp:5[m[K:
[01m[K/opt/ros/jazzy/include/rclcpp/rclcpp/node.hpp:197:3:[m[K [01;36m[Knote: [m[Kcandidate: â€˜[01m[Ktemplate<class MessageT, class AllocatorT, class PublisherT> std::shared_ptr<PublisherT> rclcpp::Node::[01;32m[Kcreate_publisher[m[K(const std::string&, const rclcpp::QoS&, const rclcpp::PublisherOptionsWithAllocator<AllocatorT>&)[m[Kâ€™
  197 |   [01;36m[Kcreate_publisher[m[K(
      |   [01;36m[K^~~~~~~~~~~~~~~~[m[K
[01m[K/opt/ros/jazzy/include/rclcpp/rclcpp/node.hpp:197:3:[m[K [01;36m[Knote: [m[K  template argument deduction/substitution failed:
[01m[K/home/ubuntu/relBot/src/my_image_processor/src/image_processor.cpp:11:78:[m[K [01;31m[Kerror: [m[Ktemplate argument 1 is invalid
   11 | [01;31m[Kis->create_publisher<geometry_msgs::msg::PointStamped>("/green_object_position",10)[m[K;
      | [01;31m[K~~~~~~~~~~~~~~~~~~~~~~~~~~~~~~~~~~~~~~~~~~~~~~~~~~~~~~^~~~~~~~~~~~~~~~~~~~~~~~~~~~~[m[K

[01m[K/home/ubuntu/relBot/src/my_image_processor/src/image_processor.cpp:[m[K In member function â€˜[01m[Kvoid ImageProcessor::[01;32m[Ktrack_green_object[m[K(cv::Mat&)[m[Kâ€™:
[01m[K/home/ubuntu/relBot/src/my_image_processor/src/image_processor.cpp:60:29:[m[K [01;31m[Kerror: [m[Kâ€˜[01m[KPointStamped[m[Kâ€™ is not a member of â€˜[01m[Kgeometry_msgs::msg[m[Kâ€™
   60 |         geometry_msgs::msg::[01;31m[KPointStamped[m[K center_msg;
      |                             [01;31m[K^~~~~~~~~~~~[m[K
[01m[K/home/ubuntu/relBot/src/my_image_processor/src/image_processor.cpp:61:9:[m[K [01;31m[Kerror: [m[Kâ€˜[01m[Kcenter_msg[m[Kâ€™ was not declared in this scope
   61 |         [01;31m[Kcenter_msg[m[K.x = center.x;
      |         [01;31m[K^~~~~~~~~~[m[K
[01m[K/home/ubuntu/relBot/src/my_image_processor/src/image_processor.cpp:68:9:[m[K [01;31m[Kerror: [m[Kâ€˜[01m[KcordinatesImage_[m[Kâ€™ was not declared in this scope
   68 |         [01;31m[KcordinatesImage_[m[K->publish(center_msg);
      |         [01;31m[K^~~~~~~~~~~~~~~~[m[K
gmake[2]: *** [CMakeFiles/image_processor.dir/build.make:76: CMakeFiles/image_processor.dir/src/image_processor.cpp.o] Error 1
gmake[1]: *** [CMakeFiles/Makefile2:137: CMakeFiles/image_processor.dir/all] Error 2
gmake: *** [Makefile:146: all] Error 2
