[01m[K/home/ubuntu/relBot/src/my_image_processor/src/image_processor.cpp:[m[K In constructor â€˜[01m[KImageProcessor::[01;32m[KImageProcessor[m[K()[m[Kâ€™:
[01m[K/home/ubuntu/relBot/src/my_image_processor/src/image_processor.cpp:7:100:[m[K [01;31m[Kerror: [m[Kexpected â€˜[01m[K;[m[Kâ€™ before â€˜[01m[Kdo[m[Kâ€™
    7 |     cordinatesImage_=this->create_publisher<geometry_msgs::msg::Point>("/green_object_position",10)
      |                                                                                                    [01;31m[K^[m[K
      |                                                                                                    [32m[K;[m[K
[01m[K/home/ubuntu/relBot/src/my_image_processor/src/image_processor.cpp:[m[K In member function â€˜[01m[Kvoid ImageProcessor::[01;32m[Ktrack_green_object[m[K(cv::Mat&)[m[Kâ€™:
[01m[K/home/ubuntu/relBot/src/my_image_processor/src/image_processor.cpp:32:11:[m[K [01;31m[Kerror: [m[Kâ€˜[01m[Kcenter[m[Kâ€™ was not declared in this scope
   32 |     int x=[01;31m[Kcenter[m[K.x, int y=;
      |           [01;31m[K^~~~~~[m[K
[01m[K/home/ubuntu/relBot/src/my_image_processor/src/image_processor.cpp:61:9:[m[K [01;31m[Kerror: [m[Kâ€˜[01m[KcordinateImage_[m[Kâ€™ was not declared in this scope; did you mean â€˜[01m[KcordinatesImage_[m[Kâ€™?
   61 |         [01;31m[KcordinateImage_[m[K->publish(center_msg);
      |         [01;31m[K^~~~~~~~~~~~~~~[m[K
      |         [32m[KcordinatesImage_[m[K
[01m[K/home/ubuntu/relBot/src/my_image_processor/src/image_processor.cpp:32:9:[m[K [01;35m[Kwarning: [m[Kunused variable â€˜[01m[Kx[m[Kâ€™ [[01;35m[K]8;;https://gcc.gnu.org/onlinedocs/gcc/Warning-Options.html#index-Wunused-variable-Wunused-variable]8;;[m[K]
   32 |     int [01;35m[Kx[m[K=center.x, int y=;
      |         [01;35m[K^[m[K
gmake[2]: *** [CMakeFiles/image_processor.dir/build.make:79: CMakeFiles/image_processor.dir/src/image_processor.cpp.o] Error 1
gmake[1]: *** [CMakeFiles/Makefile2:140: CMakeFiles/image_processor.dir/all] Error 2
gmake: *** [Makefile:149: all] Error 2
