Start testing: Mar 30 23:44 CEST
----------------------------------------------------------
1/6 Testing: copyright
1/6 Test: copyright
Command: "/usr/bin/python3" "-u" "/opt/ros/jazzy/share/ament_cmake_test/cmake/run_test.py" "/home/ubuntu/relBot/build/relbot_simulator/test_results/relbot_simulator/copyright.xunit.xml" "--package-name" "relbot_simulator" "--output-file" "/home/ubuntu/relBot/build/relbot_simulator/ament_copyright/copyright.txt" "--command" "/opt/ros/jazzy/bin/ament_copyright" "--xunit-file" "/home/ubuntu/relBot/build/relbot_simulator/test_results/relbot_simulator/copyright.xunit.xml"
Directory: /home/ubuntu/relBot/src/relbot_simulator
"copyright" start time: Mar 30 23:44 CEST
Output:
----------------------------------------------------------
-- run_test.py: invoking following command in '/home/ubuntu/relBot/src/relbot_simulator':
 - /opt/ros/jazzy/bin/ament_copyright --xunit-file /home/ubuntu/relBot/build/relbot_simulator/test_results/relbot_simulator/copyright.xunit.xml
common/EulerAngles.cpp: could not find copyright notice
common/EulerAngles.h: could not find copyright notice
common/MotionProfiles.cpp: could not find copyright notice
common/MotionProfiles.h: could not find copyright notice
common/xxfuncs.cpp: could not find copyright notice
common/xxfuncs.h: could not find copyright notice
common/xxinteg.cpp: could not find copyright notice
common/xxinteg.h: could not find copyright notice
common/xxinverse.cpp: could not find copyright notice
common/xxinverse.h: could not find copyright notice
common/xxmatrix.cpp: could not find copyright notice
common/xxmatrix.h: could not find copyright notice
common/xxmodel.h: could not find copyright notice
common/xxtypes.h: could not find copyright notice
include/Plant.h: could not find copyright notice
include/relbot_simulator.hpp: could not find copyright notice
src/Plant.cpp: could not find copyright notice
src/relbot_simulator.cpp: could not find copyright notice
18 errors, checked 18 files
-- run_test.py: return code 1
-- run_test.py: verify result file '/home/ubuntu/relBot/build/relbot_simulator/test_results/relbot_simulator/copyright.xunit.xml'
<end of output>
Test time =   0.45 sec
----------------------------------------------------------
Test Failed.
"copyright" end time: Mar 30 23:44 CEST
"copyright" time elapsed: 00:00:00
----------------------------------------------------------

2/6 Testing: cppcheck
2/6 Test: cppcheck
Command: "/usr/bin/python3" "-u" "/opt/ros/jazzy/share/ament_cmake_test/cmake/run_test.py" "/home/ubuntu/relBot/build/relbot_simulator/test_results/relbot_simulator/cppcheck.xunit.xml" "--package-name" "relbot_simulator" "--output-file" "/home/ubuntu/relBot/build/relbot_simulator/ament_cppcheck/cppcheck.txt" "--command" "/opt/ros/jazzy/bin/ament_cppcheck" "--xunit-file" "/home/ubuntu/relBot/build/relbot_simulator/test_results/relbot_simulator/cppcheck.xunit.xml" "--include_dirs" "/home/ubuntu/relBot/src/relbot_simulator/include" "/home/ubuntu/relBot/src/relbot_simulator/common" "/home/ubuntu/relBot/src/relbot_simulator/include" "/home/ubuntu/relBot/src/relbot_simulator/common"
Directory: /home/ubuntu/relBot/src/relbot_simulator
"cppcheck" start time: Mar 30 23:44 CEST
Output:
----------------------------------------------------------
-- run_test.py: invoking following command in '/home/ubuntu/relBot/src/relbot_simulator':
 - /opt/ros/jazzy/bin/ament_cppcheck --xunit-file /home/ubuntu/relBot/build/relbot_simulator/test_results/relbot_simulator/cppcheck.xunit.xml --include_dirs /home/ubuntu/relBot/src/relbot_simulator/include /home/ubuntu/relBot/src/relbot_simulator/common /home/ubuntu/relBot/src/relbot_simulator/include /home/ubuntu/relBot/src/relbot_simulator/common
cppcheck 2.13.0 has known performance issues and therefore will not be used, set the AMENT_CPPCHECK_ALLOW_SLOW_VERSIONS environment variable to override this.
-- run_test.py: return code 0
-- run_test.py: verify result file '/home/ubuntu/relBot/build/relbot_simulator/test_results/relbot_simulator/cppcheck.xunit.xml'
<end of output>
Test time =   0.52 sec
----------------------------------------------------------
Test Passed.
"cppcheck" end time: Mar 30 23:44 CEST
"cppcheck" time elapsed: 00:00:00
----------------------------------------------------------

3/6 Testing: cpplint
3/6 Test: cpplint
Command: "/usr/bin/python3" "-u" "/opt/ros/jazzy/share/ament_cmake_test/cmake/run_test.py" "/home/ubuntu/relBot/build/relbot_simulator/test_results/relbot_simulator/cpplint.xunit.xml" "--package-name" "relbot_simulator" "--output-file" "/home/ubuntu/relBot/build/relbot_simulator/ament_cpplint/cpplint.txt" "--command" "/opt/ros/jazzy/bin/ament_cpplint" "--xunit-file" "/home/ubuntu/relBot/build/relbot_simulator/test_results/relbot_simulator/cpplint.xunit.xml"
Directory: /home/ubuntu/relBot/src/relbot_simulator
"cpplint" start time: Mar 30 23:44 CEST
Output:
----------------------------------------------------------
-- run_test.py: invoking following command in '/home/ubuntu/relBot/src/relbot_simulator':
 - /opt/ros/jazzy/bin/ament_cpplint --xunit-file /home/ubuntu/relBot/build/relbot_simulator/test_results/relbot_simulator/cpplint.xunit.xml
/home/ubuntu/relBot/src/relbot_simulator/common/EulerAngles.cpp:0:  No copyright message found.  You should have a line: "Copyright [year] <Copyright Owner>"  [legal/copyright] [5]
/home/ubuntu/relBot/src/relbot_simulator/common/EulerAngles.cpp:None:  /home/ubuntu/relBot/src/relbot_simulator/common/EulerAngles.cpp should include its header file /home/ubuntu/relBot/src/relbot_simulator/common/EulerAngles.h  [build/include] [5]
/home/ubuntu/relBot/src/relbot_simulator/common/EulerAngles.h:0:  No copyright message found.  You should have a line: "Copyright [year] <Copyright Owner>"  [legal/copyright] [5]
/home/ubuntu/relBot/src/relbot_simulator/common/EulerAngles.h:0:  No #ifndef header guard found, suggested CPP variable is: RELBOT_SIMULATOR__COMMON__EULERANGLES_H_  [build/header_guard] [5]
/home/ubuntu/relBot/src/relbot_simulator/common/MotionProfiles.cpp:0:  No copyright message found.  You should have a line: "Copyright [year] <Copyright Owner>"  [legal/copyright] [5]
/home/ubuntu/relBot/src/relbot_simulator/common/MotionProfiles.cpp:None:  /home/ubuntu/relBot/src/relbot_simulator/common/MotionProfiles.cpp should include its header file /home/ubuntu/relBot/src/relbot_simulator/common/MotionProfiles.h  [build/include] [5]
/home/ubuntu/relBot/src/relbot_simulator/common/MotionProfiles.h:0:  No copyright message found.  You should have a line: "Copyright [year] <Copyright Owner>"  [legal/copyright] [5]
/home/ubuntu/relBot/src/relbot_simulator/common/MotionProfiles.h:0:  No #ifndef header guard found, suggested CPP variable is: RELBOT_SIMULATOR__COMMON__MOTIONPROFILES_H_  [build/header_guard] [5]
/home/ubuntu/relBot/src/relbot_simulator/common/xxfuncs.cpp:0:  No copyright message found.  You should have a line: "Copyright [year] <Copyright Owner>"  [legal/copyright] [5]
/home/ubuntu/relBot/src/relbot_simulator/common/xxfuncs.cpp:34:  Include the directory when naming .h files  [build/include_subdir] [4]
/home/ubuntu/relBot/src/relbot_simulator/common/xxfuncs.cpp:46:  Tab found; better to use spaces  [whitespace/tab] [1]
/home/ubuntu/relBot/src/relbot_simulator/common/xxfuncs.cpp:47:  Tab found; better to use spaces  [whitespace/tab] [1]
/home/ubuntu/relBot/src/relbot_simulator/common/xxfuncs.cpp:52:  Tab found; better to use spaces  [whitespace/tab] [1]
/home/ubuntu/relBot/src/relbot_simulator/common/xxfuncs.cpp:53:  Tab found; better to use spaces  [whitespace/tab] [1]
/home/ubuntu/relBot/src/relbot_simulator/common/xxfuncs.cpp:54:  Tab found; better to use spaces  [whitespace/tab] [1]
/home/ubuntu/relBot/src/relbot_simulator/common/xxfuncs.cpp:55:  Redundant blank line at the end of a code block should be deleted.  [whitespace/blank_line] [3]
/home/ubuntu/relBot/src/relbot_simulator/common/xxfuncs.cpp:60:  Tab found; better to use spaces  [whitespace/tab] [1]
/home/ubuntu/relBot/src/relbot_simulator/common/xxfuncs.cpp:61:  Tab found; better to use spaces  [whitespace/tab] [1]
/home/ubuntu/relBot/src/relbot_simulator/common/xxfuncs.cpp:62:  Tab found; better to use spaces  [whitespace/tab] [1]
/home/ubuntu/relBot/src/relbot_simulator/common/xxfuncs.cpp:68:  Tab found; better to use spaces  [whitespace/tab] [1]
/home/ubuntu/relBot/src/relbot_simulator/common/xxfuncs.cpp:73:  Tab found; better to use spaces  [whitespace/tab] [1]
/home/ubuntu/relBot/src/relbot_simulator/common/xxfuncs.cpp:78:  Tab found; better to use spaces  [whitespace/tab] [1]
/home/ubuntu/relBot/src/relbot_simulator/common/xxfuncs.cpp:83:  Tab found; better to use spaces  [whitespace/tab] [1]
/home/ubuntu/relBot/src/relbot_simulator/common/xxfuncs.cpp:88:  Tab found; better to use spaces  [whitespace/tab] [1]
/home/ubuntu/relBot/src/relbot_simulator/common/xxfuncs.cpp:93:  Tab found; better to use spaces  [whitespace/tab] [1]
/home/ubuntu/relBot/src/relbot_simulator/common/xxfuncs.cpp:98:  Tab found; better to use spaces  [whitespace/tab] [1]
/home/ubuntu/relBot/src/relbot_simulator/common/xxfuncs.cpp:100:  Tab found; better to use spaces  [whitespace/tab] [1]
/home/ubuntu/relBot/src/relbot_simulator/common/xxfuncs.cpp:101:  Tab found; better to use spaces  [whitespace/tab] [1]
/home/ubuntu/relBot/src/relbot_simulator/common/xxfuncs.cpp:106:  Tab found; better to use spaces  [whitespace/tab] [1]
/home/ubuntu/relBot/src/relbot_simulator/common/xxfuncs.cpp:108:  Tab found; better to use spaces  [whitespace/tab] [1]
/home/ubuntu/relBot/src/relbot_simulator/common/xxfuncs.cpp:109:  Tab found; better to use spaces  [whitespace/tab] [1]
/home/ubuntu/relBot/src/relbot_simulator/common/xxfuncs.cpp:114:  Tab found; better to use spaces  [whitespace/tab] [1]
/home/ubuntu/relBot/src/relbot_simulator/common/xxfuncs.cpp:120:  Tab found; better to use spaces  [whitespace/tab] [1]
/home/ubuntu/relBot/src/relbot_simulator/common/xxfuncs.cpp:121:  Tab found; better to use spaces  [whitespace/tab] [1]
/home/ubuntu/relBot/src/relbot_simulator/common/xxfuncs.cpp:123:  Tab found; better to use spaces  [whitespace/tab] [1]
/home/ubuntu/relBot/src/relbot_simulator/common/xxfuncs.cpp:124:  Tab found; better to use spaces  [whitespace/tab] [1]
/home/ubuntu/relBot/src/relbot_simulator/common/xxfuncs.cpp:130:  Tab found; better to use spaces  [whitespace/tab] [1]
/home/ubuntu/relBot/src/relbot_simulator/common/xxfuncs.cpp:135:  Tab found; better to use spaces  [whitespace/tab] [1]
/home/ubuntu/relBot/src/relbot_simulator/common/xxfuncs.cpp:140:  Tab found; better to use spaces  [whitespace/tab] [1]
/home/ubuntu/relBot/src/relbot_simulator/common/xxfuncs.cpp:142:  Tab found; better to use spaces  [whitespace/tab] [1]
/home/ubuntu/relBot/src/relbot_simulator/common/xxfuncs.cpp:143:  Tab found; better to use spaces  [whitespace/tab] [1]
/home/ubuntu/relBot/src/relbot_simulator/common/xxfuncs.cpp:148:  Tab found; better to use spaces  [whitespace/tab] [1]
/home/ubuntu/relBot/src/relbot_simulator/common/xxfuncs.cpp:150:  Tab found; better to use spaces  [whitespace/tab] [1]
/home/ubuntu/relBot/src/relbot_simulator/common/xxfuncs.cpp:151:  Tab found; better to use spaces  [whitespace/tab] [1]
/home/ubuntu/relBot/src/relbot_simulator/common/xxfuncs.cpp:152:  Tab found; better to use spaces  [whitespace/tab] [1]
/home/ubuntu/relBot/src/relbot_simulator/common/xxfuncs.cpp:153:  Tab found; better to use spaces  [whitespace/tab] [1]
/home/ubuntu/relBot/src/relbot_simulator/common/xxfuncs.cpp:154:  Tab found; better to use spaces  [whitespace/tab] [1]
/home/ubuntu/relBot/src/relbot_simulator/common/xxfuncs.cpp:159:  Tab found; better to use spaces  [whitespace/tab] [1]
/home/ubuntu/relBot/src/relbot_simulator/common/xxfuncs.cpp:160:  Tab found; better to use spaces  [whitespace/tab] [1]
/home/ubuntu/relBot/src/relbot_simulator/common/xxfuncs.cpp:161:  Tab found; better to use spaces  [whitespace/tab] [1]
/home/ubuntu/relBot/src/relbot_simulator/common/xxfuncs.cpp:162:  Tab found; better to use spaces  [whitespace/tab] [1]
/home/ubuntu/relBot/src/relbot_simulator/common/xxfuncs.cpp:163:  Tab found; better to use spaces  [whitespace/tab] [1]
/home/ubuntu/relBot/src/relbot_simulator/common/xxfuncs.cpp:164:  Tab found; better to use spaces  [whitespace/tab] [1]
/home/ubuntu/relBot/src/relbot_simulator/common/xxfuncs.cpp:165:  Tab found; better to use spaces  [whitespace/tab] [1]
/home/ubuntu/relBot/src/relbot_simulator/common/xxfuncs.cpp:166:  Tab found; better to use spaces  [whitespace/tab] [1]
/home/ubuntu/relBot/src/relbot_simulator/common/xxfuncs.cpp:167:  Tab found; better to use spaces  [whitespace/tab] [1]
/home/ubuntu/relBot/src/relbot_simulator/common/xxfuncs.cpp:172:  Tab found; better to use spaces  [whitespace/tab] [1]
/home/ubuntu/relBot/src/relbot_simulator/common/xxfuncs.cpp:174:  Tab found; better to use spaces  [whitespace/tab] [1]
/home/ubuntu/relBot/src/relbot_simulator/common/xxfuncs.cpp:175:  Tab found; better to use spaces  [whitespace/tab] [1]
/home/ubuntu/relBot/src/relbot_simulator/common/xxfuncs.cpp:176:  Tab found; better to use spaces  [whitespace/tab] [1]
/home/ubuntu/relBot/src/relbot_simulator/common/xxfuncs.cpp:177:  Tab found; better to use spaces  [whitespace/tab] [1]
/home/ubuntu/relBot/src/relbot_simulator/common/xxfuncs.cpp:178:  Tab found; better to use spaces  [whitespace/tab] [1]
/home/ubuntu/relBot/src/relbot_simulator/common/xxfuncs.cpp:181:  Lines should be <= 100 characters long  [whitespace/line_length] [2]
/home/ubuntu/relBot/src/relbot_simulator/common/xxfuncs.cpp:183:  Tab found; better to use spaces  [whitespace/tab] [1]
/home/ubuntu/relBot/src/relbot_simulator/common/xxfuncs.cpp:185:  Tab found; better to use spaces  [whitespace/tab] [1]
/home/ubuntu/relBot/src/relbot_simulator/common/xxfuncs.cpp:186:  Tab found; better to use spaces  [whitespace/tab] [1]
/home/ubuntu/relBot/src/relbot_simulator/common/xxfuncs.cpp:187:  Tab found; better to use spaces  [whitespace/tab] [1]
/home/ubuntu/relBot/src/relbot_simulator/common/xxfuncs.cpp:188:  Tab found; better to use spaces  [whitespace/tab] [1]
/home/ubuntu/relBot/src/relbot_simulator/common/xxfuncs.cpp:189:  Tab found; better to use spaces  [whitespace/tab] [1]
/home/ubuntu/relBot/src/relbot_simulator/common/xxfuncs.cpp:190:  Tab found; better to use spaces  [whitespace/tab] [1]
/home/ubuntu/relBot/src/relbot_simulator/common/xxfuncs.cpp:191:  Tab found; better to use spaces  [whitespace/tab] [1]
/home/ubuntu/relBot/src/relbot_simulator/common/xxfuncs.cpp:192:  Tab found; better to use spaces  [whitespace/tab] [1]
/home/ubuntu/relBot/src/relbot_simulator/common/xxfuncs.cpp:193:  Tab found; better to use spaces  [whitespace/tab] [1]
/home/ubuntu/relBot/src/relbot_simulator/common/xxfuncs.cpp:194:  Tab found; better to use spaces  [whitespace/tab] [1]
/home/ubuntu/relBot/src/relbot_simulator/common/xxfuncs.cpp:195:  Tab found; better to use spaces  [whitespace/tab] [1]
/home/ubuntu/relBot/src/relbot_simulator/common/xxfuncs.cpp:196:  Tab found; better to use spaces  [whitespace/tab] [1]
/home/ubuntu/relBot/src/relbot_simulator/common/xxfuncs.cpp:197:  Tab found; better to use spaces  [whitespace/tab] [1]
/home/ubuntu/relBot/src/relbot_simulator/common/xxfuncs.cpp:198:  Tab found; better to use spaces  [whitespace/tab] [1]
/home/ubuntu/relBot/src/relbot_simulator/common/xxfuncs.cpp:199:  Tab found; better to use spaces  [whitespace/tab] [1]
/home/ubuntu/relBot/src/relbot_simulator/common/xxfuncs.cpp:204:  Tab found; better to use spaces  [whitespace/tab] [1]
/home/ubuntu/relBot/src/relbot_simulator/common/xxfuncs.cpp:209:  Tab found; better to use spaces  [whitespace/tab] [1]
/home/ubuntu/relBot/src/relbot_simulator/common/xxfuncs.cpp:211:  Tab found; better to use spaces  [whitespace/tab] [1]
/home/ubuntu/relBot/src/relbot_simulator/common/xxfuncs.cpp:212:  Tab found; better to use spaces  [whitespace/tab] [1]
/home/ubuntu/relBot/src/relbot_simulator/common/xxfuncs.cpp:213:  Tab found; better to use spaces  [whitespace/tab] [1]
/home/ubuntu/relBot/src/relbot_simulator/common/xxfuncs.cpp:214:  Tab found; better to use spaces  [whitespace/tab] [1]
/home/ubuntu/relBot/src/relbot_simulator/common/xxfuncs.cpp:215:  Tab found; better to use spaces  [whitespace/tab] [1]
/home/ubuntu/relBot/src/relbot_simulator/common/xxfuncs.cpp:216:  Tab found; better to use spaces  [whitespace/tab] [1]
/home/ubuntu/relBot/src/relbot_simulator/common/xxfuncs.cpp:216:  An else should appear on the same line as the preceding }  [whitespace/newline] [4]
/home/ubuntu/relBot/src/relbot_simulator/common/xxfuncs.cpp:217:  Tab found; better to use spaces  [whitespace/tab] [1]
/home/ubuntu/relBot/src/relbot_simulator/common/xxfuncs.cpp:218:  Tab found; better to use spaces  [whitespace/tab] [1]
/home/ubuntu/relBot/src/relbot_simulator/common/xxfuncs.cpp:219:  Tab found; better to use spaces  [whitespace/tab] [1]
/home/ubuntu/relBot/src/relbot_simulator/common/xxfuncs.cpp:220:  Tab found; better to use spaces  [whitespace/tab] [1]
/home/ubuntu/relBot/src/relbot_simulator/common/xxfuncs.cpp:221:  Tab found; better to use spaces  [whitespace/tab] [1]
/home/ubuntu/relBot/src/relbot_simulator/common/xxfuncs.cpp:222:  Tab found; better to use spaces  [whitespace/tab] [1]
/home/ubuntu/relBot/src/relbot_simulator/common/xxfuncs.cpp:223:  Tab found; better to use spaces  [whitespace/tab] [1]
/home/ubuntu/relBot/src/relbot_simulator/common/xxfuncs.cpp:224:  Tab found; better to use spaces  [whitespace/tab] [1]
/home/ubuntu/relBot/src/relbot_simulator/common/xxfuncs.cpp:225:  Tab found; better to use spaces  [whitespace/tab] [1]
/home/ubuntu/relBot/src/relbot_simulator/common/xxfuncs.cpp:230:  Tab found; better to use spaces  [whitespace/tab] [1]
/home/ubuntu/relBot/src/relbot_simulator/common/xxfuncs.cpp:231:  Tab found; better to use spaces  [whitespace/tab] [1]
/home/ubuntu/relBot/src/relbot_simulator/common/xxfuncs.cpp:236:  Tab found; better to use spaces  [whitespace/tab] [1]
/home/ubuntu/relBot/src/relbot_simulator/common/xxfuncs.cpp:237:  Tab found; better to use spaces  [whitespace/tab] [1]
/home/ubuntu/relBot/src/relbot_simulator/common/xxfuncs.cpp:242:  Tab found; better to use spaces  [whitespace/tab] [1]
/home/ubuntu/relBot/src/relbot_simulator/common/xxfuncs.cpp:243:  Tab found; better to use spaces  [whitespace/tab] [1]
/home/ubuntu/relBot/src/relbot_simulator/common/xxfuncs.cpp:248:  Tab found; better to use spaces  [whitespace/tab] [1]
/home/ubuntu/relBot/src/relbot_simulator/common/xxfuncs.cpp:250:  Tab found; better to use spaces  [whitespace/tab] [1]
/home/ubuntu/relBot/src/relbot_simulator/common/xxfuncs.cpp:251:  Tab found; better to use spaces  [whitespace/tab] [1]
/home/ubuntu/relBot/src/relbot_simulator/common/xxfuncs.cpp:252:  Tab found; better to use spaces  [whitespace/tab] [1]
/home/ubuntu/relBot/src/relbot_simulator/common/xxfuncs.cpp:253:  Tab found; better to use spaces  [whitespace/tab] [1]
/home/ubuntu/relBot/src/relbot_simulator/common/xxfuncs.cpp:254:  Tab found; better to use spaces  [whitespace/tab] [1]
/home/ubuntu/relBot/src/relbot_simulator/common/xxfuncs.cpp:255:  Tab found; better to use spaces  [whitespace/tab] [1]
/home/ubuntu/relBot/src/relbot_simulator/common/xxfuncs.cpp:256:  Tab found; better to use spaces  [whitespace/tab] [1]
/home/ubuntu/relBot/src/relbot_simulator/common/xxfuncs.cpp:258:  Tab found; better to use spaces  [whitespace/tab] [1]
/home/ubuntu/relBot/src/relbot_simulator/common/xxfuncs.cpp:263:  Tab found; better to use spaces  [whitespace/tab] [1]
/home/ubuntu/relBot/src/relbot_simulator/common/xxfuncs.cpp:264:  Tab found; better to use spaces  [whitespace/tab] [1]
/home/ubuntu/relBot/src/relbot_simulator/common/xxfuncs.cpp:269:  Tab found; better to use spaces  [whitespace/tab] [1]
/home/ubuntu/relBot/src/relbot_simulator/common/xxfuncs.cpp:274:  Tab found; better to use spaces  [whitespace/tab] [1]
/home/ubuntu/relBot/src/relbot_simulator/common/xxfuncs.cpp:275:  Tab found; better to use spaces  [whitespace/tab] [1]
/home/ubuntu/relBot/src/relbot_simulator/common/xxfuncs.cpp:280:  Tab found; better to use spaces  [whitespace/tab] [1]
/home/ubuntu/relBot/src/relbot_simulator/common/xxfuncs.cpp:281:  Tab found; better to use spaces  [whitespace/tab] [1]
/home/ubuntu/relBot/src/relbot_simulator/common/xxfuncs.cpp:286:  Tab found; better to use spaces  [whitespace/tab] [1]
/home/ubuntu/relBot/src/relbot_simulator/common/xxfuncs.cpp:287:  Tab found; better to use spaces  [whitespace/tab] [1]
/home/ubuntu/relBot/src/relbot_simulator/common/xxfuncs.cpp:288:  Tab found; better to use spaces  [whitespace/tab] [1]
/home/ubuntu/relBot/src/relbot_simulator/common/xxfuncs.cpp:289:  Tab found; better to use spaces  [whitespace/tab] [1]
/home/ubuntu/relBot/src/relbot_simulator/common/xxfuncs.cpp:290:  Tab found; better to use spaces  [whitespace/tab] [1]
/home/ubuntu/relBot/src/relbot_simulator/common/xxfuncs.cpp:290:  An else should appear on the same line as the preceding }  [whitespace/newline] [4]
/home/ubuntu/relBot/src/relbot_simulator/common/xxfuncs.cpp:291:  Tab found; better to use spaces  [whitespace/tab] [1]
/home/ubuntu/relBot/src/relbot_simulator/common/xxfuncs.cpp:292:  Tab found; better to use spaces  [whitespace/tab] [1]
/home/ubuntu/relBot/src/relbot_simulator/common/xxfuncs.cpp:293:  Tab found; better to use spaces  [whitespace/tab] [1]
/home/ubuntu/relBot/src/relbot_simulator/common/xxfuncs.cpp:298:  Tab found; better to use spaces  [whitespace/tab] [1]
/home/ubuntu/relBot/src/relbot_simulator/common/xxfuncs.cpp:299:  Tab found; better to use spaces  [whitespace/tab] [1]
/home/ubuntu/relBot/src/relbot_simulator/common/xxfuncs.cpp:300:  Tab found; better to use spaces  [whitespace/tab] [1]
/home/ubuntu/relBot/src/relbot_simulator/common/xxfuncs.cpp:301:  Tab found; better to use spaces  [whitespace/tab] [1]
/home/ubuntu/relBot/src/relbot_simulator/common/xxfuncs.cpp:302:  Tab found; better to use spaces  [whitespace/tab] [1]
/home/ubuntu/relBot/src/relbot_simulator/common/xxfuncs.cpp:302:  An else should appear on the same line as the preceding }  [whitespace/newline] [4]
/home/ubuntu/relBot/src/relbot_simulator/common/xxfuncs.cpp:303:  Tab found; better to use spaces  [whitespace/tab] [1]
/home/ubuntu/relBot/src/relbot_simulator/common/xxfuncs.cpp:304:  Tab found; better to use spaces  [whitespace/tab] [1]
/home/ubuntu/relBot/src/relbot_simulator/common/xxfuncs.cpp:305:  Tab found; better to use spaces  [whitespace/tab] [1]
/home/ubuntu/relBot/src/relbot_simulator/common/xxfuncs.cpp:310:  Tab found; better to use spaces  [whitespace/tab] [1]
/home/ubuntu/relBot/src/relbot_simulator/common/xxfuncs.cpp:311:  Tab found; better to use spaces  [whitespace/tab] [1]
/home/ubuntu/relBot/src/relbot_simulator/common/xxfuncs.cpp:312:  Tab found; better to use spaces  [whitespace/tab] [1]
/home/ubuntu/relBot/src/relbot_simulator/common/xxfuncs.cpp:313:  Tab found; better to use spaces  [whitespace/tab] [1]
/home/ubuntu/relBot/src/relbot_simulator/common/xxfuncs.cpp:314:  Tab found; better to use spaces  [whitespace/tab] [1]
/home/ubuntu/relBot/src/relbot_simulator/common/xxfuncs.cpp:315:  Tab found; better to use spaces  [whitespace/tab] [1]
/home/ubuntu/relBot/src/relbot_simulator/common/xxfuncs.cpp:316:  Tab found; better to use spaces  [whitespace/tab] [1]
/home/ubuntu/relBot/src/relbot_simulator/common/xxfuncs.cpp:316:  Using C-style cast.  Use static_cast<int>(...) instead  [readability/casting] [4]
/home/ubuntu/relBot/src/relbot_simulator/common/xxfuncs.cpp:318:  Tab found; better to use spaces  [whitespace/tab] [1]
/home/ubuntu/relBot/src/relbot_simulator/common/xxfuncs.cpp:319:  Tab found; better to use spaces  [whitespace/tab] [1]
/home/ubuntu/relBot/src/relbot_simulator/common/xxfuncs.cpp:320:  Tab found; better to use spaces  [whitespace/tab] [1]
/home/ubuntu/relBot/src/relbot_simulator/common/xxfuncs.cpp:321:  Tab found; better to use spaces  [whitespace/tab] [1]
/home/ubuntu/relBot/src/relbot_simulator/common/xxfuncs.cpp:322:  Tab found; better to use spaces  [whitespace/tab] [1]
/home/ubuntu/relBot/src/relbot_simulator/common/xxfuncs.cpp:324:  Tab found; better to use spaces  [whitespace/tab] [1]
/home/ubuntu/relBot/src/relbot_simulator/common/xxfuncs.cpp:325:  Tab found; better to use spaces  [whitespace/tab] [1]
/home/ubuntu/relBot/src/relbot_simulator/common/xxfuncs.cpp:327:  Tab found; better to use spaces  [whitespace/tab] [1]
/home/ubuntu/relBot/src/relbot_simulator/common/xxfuncs.cpp:333:  Tab found; better to use spaces  [whitespace/tab] [1]
/home/ubuntu/relBot/src/relbot_simulator/common/xxfuncs.cpp:338:  Tab found; better to use spaces  [whitespace/tab] [1]
/home/ubuntu/relBot/src/relbot_simulator/common/xxfuncs.cpp:343:  Tab found; better to use spaces  [whitespace/tab] [1]
/home/ubuntu/relBot/src/relbot_simulator/common/xxfuncs.cpp:348:  Tab found; better to use spaces  [whitespace/tab] [1]
/home/ubuntu/relBot/src/relbot_simulator/common/xxfuncs.cpp:353:  Tab found; better to use spaces  [whitespace/tab] [1]
/home/ubuntu/relBot/src/relbot_simulator/common/xxfuncs.cpp:358:  Tab found; better to use spaces  [whitespace/tab] [1]
/home/ubuntu/relBot/src/relbot_simulator/common/xxfuncs.cpp:367:  Tab found; better to use spaces  [whitespace/tab] [1]
/home/ubuntu/relBot/src/relbot_simulator/common/xxfuncs.cpp:368:  Tab found; better to use spaces  [whitespace/tab] [1]
/home/ubuntu/relBot/src/relbot_simulator/common/xxfuncs.cpp:368:  Line ends in whitespace.  Consider deleting these extra spaces.  [whitespace/end_of_line] [4]
/home/ubuntu/relBot/src/relbot_simulator/common/xxfuncs.cpp:369:  Tab found; better to use spaces  [whitespace/tab] [1]
/home/ubuntu/relBot/src/relbot_simulator/common/xxfuncs.cpp:370:  Tab found; better to use spaces  [whitespace/tab] [1]
/home/ubuntu/relBot/src/relbot_simulator/common/xxfuncs.cpp:371:  Tab found; better to use spaces  [whitespace/tab] [1]
/home/ubuntu/relBot/src/relbot_simulator/common/xxfuncs.cpp:372:  Tab found; better to use spaces  [whitespace/tab] [1]
/home/ubuntu/relBot/src/relbot_simulator/common/xxfuncs.cpp:373:  Tab found; better to use spaces  [whitespace/tab] [1]
/home/ubuntu/relBot/src/relbot_simulator/common/xxfuncs.cpp:373:  An else should appear on the same line as the preceding }  [whitespace/newline] [4]
/home/ubuntu/relBot/src/relbot_simulator/common/xxfuncs.cpp:374:  Tab found; better to use spaces  [whitespace/tab] [1]
/home/ubuntu/relBot/src/relbot_simulator/common/xxfuncs.cpp:375:  Tab found; better to use spaces  [whitespace/tab] [1]
/home/ubuntu/relBot/src/relbot_simulator/common/xxfuncs.cpp:376:  Tab found; better to use spaces  [whitespace/tab] [1]
/home/ubuntu/relBot/src/relbot_simulator/common/xxfuncs.cpp:377:  Tab found; better to use spaces  [whitespace/tab] [1]
/home/ubuntu/relBot/src/relbot_simulator/common/xxfuncs.cpp:377:  Line ends in whitespace.  Consider deleting these extra spaces.  [whitespace/end_of_line] [4]
/home/ubuntu/relBot/src/relbot_simulator/common/xxfuncs.cpp:378:  Tab found; better to use spaces  [whitespace/tab] [1]
/home/ubuntu/relBot/src/relbot_simulator/common/xxfuncs.h:0:  No copyright message found.  You should have a line: "Copyright [year] <Copyright Owner>"  [legal/copyright] [5]
/home/ubuntu/relBot/src/relbot_simulator/common/xxfuncs.h:14:  #ifndef header guard has wrong style, please use: RELBOT_SIMULATOR__COMMON__XXFUNCS_H_  [build/header_guard] [5]
/home/ubuntu/relBot/src/relbot_simulator/common/xxfuncs.h:68:  #endif line should be "#endif  // RELBOT_SIMULATOR__COMMON__XXFUNCS_H_"  [build/header_guard] [5]
/home/ubuntu/relBot/src/relbot_simulator/common/xxfuncs.h:18:  Include the directory when naming .h files  [build/include_subdir] [4]
/home/ubuntu/relBot/src/relbot_simulator/common/xxfuncs.h:42:  Lines should be <= 100 characters long  [whitespace/line_length] [2]
/home/ubuntu/relBot/src/relbot_simulator/common/xxinteg.cpp:0:  No copyright message found.  You should have a line: "Copyright [year] <Copyright Owner>"  [legal/copyright] [5]
/home/ubuntu/relBot/src/relbot_simulator/common/xxinteg.cpp:33:  Include the directory when naming .h files  [build/include_subdir] [4]
/home/ubuntu/relBot/src/relbot_simulator/common/xxinteg.cpp:34:  Include the directory when naming .h files  [build/include_subdir] [4]
/home/ubuntu/relBot/src/relbot_simulator/common/xxinteg.cpp:42:  Tab found; better to use spaces  [whitespace/tab] [1]
/home/ubuntu/relBot/src/relbot_simulator/common/xxinteg.cpp:54:  Tab found; better to use spaces  [whitespace/tab] [1]
/home/ubuntu/relBot/src/relbot_simulator/common/xxinteg.cpp:55:  Tab found; better to use spaces  [whitespace/tab] [1]
/home/ubuntu/relBot/src/relbot_simulator/common/xxinteg.cpp:61:  Tab found; better to use spaces  [whitespace/tab] [1]
/home/ubuntu/relBot/src/relbot_simulator/common/xxinteg.cpp:67:  Tab found; better to use spaces  [whitespace/tab] [1]
/home/ubuntu/relBot/src/relbot_simulator/common/xxinteg.cpp:69:  Tab found; better to use spaces  [whitespace/tab] [1]
/home/ubuntu/relBot/src/relbot_simulator/common/xxinteg.cpp:70:  Tab found; better to use spaces  [whitespace/tab] [1]
/home/ubuntu/relBot/src/relbot_simulator/common/xxinteg.cpp:71:  Tab found; better to use spaces  [whitespace/tab] [1]
/home/ubuntu/relBot/src/relbot_simulator/common/xxinteg.cpp:72:  Tab found; better to use spaces  [whitespace/tab] [1]
/home/ubuntu/relBot/src/relbot_simulator/common/xxinteg.cpp:73:  Tab found; better to use spaces  [whitespace/tab] [1]
/home/ubuntu/relBot/src/relbot_simulator/common/xxinteg.cpp:74:  Tab found; better to use spaces  [whitespace/tab] [1]
/home/ubuntu/relBot/src/relbot_simulator/common/xxinteg.cpp:76:  Tab found; better to use spaces  [whitespace/tab] [1]
/home/ubuntu/relBot/src/relbot_simulator/common/xxinteg.cpp:77:  Tab found; better to use spaces  [whitespace/tab] [1]
/home/ubuntu/relBot/src/relbot_simulator/common/xxinteg.cpp:78:  Tab found; better to use spaces  [whitespace/tab] [1]
/home/ubuntu/relBot/src/relbot_simulator/common/xxinteg.cpp:80:  Tab found; better to use spaces  [whitespace/tab] [1]
/home/ubuntu/relBot/src/relbot_simulator/common/xxinteg.cpp:81:  Tab found; better to use spaces  [whitespace/tab] [1]
/home/ubuntu/relBot/src/relbot_simulator/common/xxinteg.cpp:89:  Tab found; better to use spaces  [whitespace/tab] [1]
/home/ubuntu/relBot/src/relbot_simulator/common/xxinteg.cpp:101:  Tab found; better to use spaces  [whitespace/tab] [1]
/home/ubuntu/relBot/src/relbot_simulator/common/xxinteg.cpp:102:  Tab found; better to use spaces  [whitespace/tab] [1]
/home/ubuntu/relBot/src/relbot_simulator/common/xxinteg.cpp:108:  Tab found; better to use spaces  [whitespace/tab] [1]
/home/ubuntu/relBot/src/relbot_simulator/common/xxinteg.cpp:114:  Tab found; better to use spaces  [whitespace/tab] [1]
/home/ubuntu/relBot/src/relbot_simulator/common/xxinteg.cpp:116:  Tab found; better to use spaces  [whitespace/tab] [1]
/home/ubuntu/relBot/src/relbot_simulator/common/xxinteg.cpp:117:  Tab found; better to use spaces  [whitespace/tab] [1]
/home/ubuntu/relBot/src/relbot_simulator/common/xxinteg.cpp:118:  Tab found; better to use spaces  [whitespace/tab] [1]
/home/ubuntu/relBot/src/relbot_simulator/common/xxinteg.cpp:119:  Tab found; better to use spaces  [whitespace/tab] [1]
/home/ubuntu/relBot/src/relbot_simulator/common/xxinteg.cpp:120:  Tab found; better to use spaces  [whitespace/tab] [1]
/home/ubuntu/relBot/src/relbot_simulator/common/xxinteg.cpp:121:  Tab found; better to use spaces  [whitespace/tab] [1]
/home/ubuntu/relBot/src/relbot_simulator/common/xxinteg.cpp:123:  Tab found; better to use spaces  [whitespace/tab] [1]
/home/ubuntu/relBot/src/relbot_simulator/common/xxinteg.cpp:124:  Tab found; better to use spaces  [whitespace/tab] [1]
/home/ubuntu/relBot/src/relbot_simulator/common/xxinteg.cpp:125:  Tab found; better to use spaces  [whitespace/tab] [1]
/home/ubuntu/relBot/src/relbot_simulator/common/xxinteg.cpp:127:  Tab found; better to use spaces  [whitespace/tab] [1]
/home/ubuntu/relBot/src/relbot_simulator/common/xxinteg.cpp:128:  Tab found; better to use spaces  [whitespace/tab] [1]
/home/ubuntu/relBot/src/relbot_simulator/common/xxinteg.cpp:136:  Tab found; better to use spaces  [whitespace/tab] [1]
/home/ubuntu/relBot/src/relbot_simulator/common/xxinteg.cpp:138:  Tab found; better to use spaces  [whitespace/tab] [1]
/home/ubuntu/relBot/src/relbot_simulator/common/xxinteg.cpp:143:  Tab found; better to use spaces  [whitespace/tab] [1]
/home/ubuntu/relBot/src/relbot_simulator/common/xxinteg.cpp:144:  Tab found; better to use spaces  [whitespace/tab] [1]
/home/ubuntu/relBot/src/relbot_simulator/common/xxinteg.cpp:152:  Tab found; better to use spaces  [whitespace/tab] [1]
/home/ubuntu/relBot/src/relbot_simulator/common/xxinteg.cpp:153:  Tab found; better to use spaces  [whitespace/tab] [1]
/home/ubuntu/relBot/src/relbot_simulator/common/xxinteg.cpp:153:  Line ends in whitespace.  Consider deleting these extra spaces.  [whitespace/end_of_line] [4]
/home/ubuntu/relBot/src/relbot_simulator/common/xxinteg.cpp:154:  Tab found; better to use spaces  [whitespace/tab] [1]
/home/ubuntu/relBot/src/relbot_simulator/common/xxinteg.cpp:155:  Tab found; better to use spaces  [whitespace/tab] [1]
/home/ubuntu/relBot/src/relbot_simulator/common/xxinteg.cpp:156:  Tab found; better to use spaces  [whitespace/tab] [1]
/home/ubuntu/relBot/src/relbot_simulator/common/xxinteg.cpp:157:  Tab found; better to use spaces  [whitespace/tab] [1]
/home/ubuntu/relBot/src/relbot_simulator/common/xxinteg.cpp:158:  Tab found; better to use spaces  [whitespace/tab] [1]
/home/ubuntu/relBot/src/relbot_simulator/common/xxinteg.cpp:160:  Tab found; better to use spaces  [whitespace/tab] [1]
/home/ubuntu/relBot/src/relbot_simulator/common/xxinteg.cpp:171:  Tab found; better to use spaces  [whitespace/tab] [1]
/home/ubuntu/relBot/src/relbot_simulator/common/xxinteg.cpp:172:  Tab found; better to use spaces  [whitespace/tab] [1]
/home/ubuntu/relBot/src/relbot_simulator/common/xxinteg.cpp:174:  Tab found; better to use spaces  [whitespace/tab] [1]
/home/ubuntu/relBot/src/relbot_simulator/common/xxinteg.cpp:175:  Tab found; better to use spaces  [whitespace/tab] [1]
/home/ubuntu/relBot/src/relbot_simulator/common/xxinteg.cpp:176:  Tab found; better to use spaces  [whitespace/tab] [1]
/home/ubuntu/relBot/src/relbot_simulator/common/xxinteg.cpp:177:  Tab found; better to use spaces  [whitespace/tab] [1]
/home/ubuntu/relBot/src/relbot_simulator/common/xxinteg.cpp:178:  Tab found; better to use spaces  [whitespace/tab] [1]
/home/ubuntu/relBot/src/relbot_simulator/common/xxinteg.cpp:179:  Tab found; better to use spaces  [whitespace/tab] [1]
/home/ubuntu/relBot/src/relbot_simulator/common/xxinteg.cpp:181:  Tab found; better to use spaces  [whitespace/tab] [1]
/home/ubuntu/relBot/src/relbot_simulator/common/xxinteg.cpp:182:  Tab found; better to use spaces  [whitespace/tab] [1]
/home/ubuntu/relBot/src/relbot_simulator/common/xxinteg.cpp:186:  Tab found; better to use spaces  [whitespace/tab] [1]
/home/ubuntu/relBot/src/relbot_simulator/common/xxinteg.cpp:188:  Tab found; better to use spaces  [whitespace/tab] [1]
/home/ubuntu/relBot/src/relbot_simulator/common/xxinteg.cpp:189:  Tab found; better to use spaces  [whitespace/tab] [1]
/home/ubuntu/relBot/src/relbot_simulator/common/xxinteg.cpp:190:  Tab found; better to use spaces  [whitespace/tab] [1]
/home/ubuntu/relBot/src/relbot_simulator/common/xxinteg.cpp:191:  Tab found; better to use spaces  [whitespace/tab] [1]
/home/ubuntu/relBot/src/relbot_simulator/common/xxinteg.cpp:192:  Tab found; better to use spaces  [whitespace/tab] [1]
/home/ubuntu/relBot/src/relbot_simulator/common/xxinteg.cpp:193:  Tab found; better to use spaces  [whitespace/tab] [1]
/home/ubuntu/relBot/src/relbot_simulator/common/xxinteg.cpp:195:  Tab found; better to use spaces  [whitespace/tab] [1]
/home/ubuntu/relBot/src/relbot_simulator/common/xxinteg.cpp:196:  Tab found; better to use spaces  [whitespace/tab] [1]
/home/ubuntu/relBot/src/relbot_simulator/common/xxinteg.cpp:197:  Tab found; better to use spaces  [whitespace/tab] [1]
/home/ubuntu/relBot/src/relbot_simulator/common/xxinteg.cpp:199:  Tab found; better to use spaces  [whitespace/tab] [1]
/home/ubuntu/relBot/src/relbot_simulator/common/xxinteg.cpp:200:  Tab found; better to use spaces  [whitespace/tab] [1]
/home/ubuntu/relBot/src/relbot_simulator/common/xxinteg.cpp:201:  Tab found; better to use spaces  [whitespace/tab] [1]
/home/ubuntu/relBot/src/relbot_simulator/common/xxinteg.cpp:202:  Tab found; better to use spaces  [whitespace/tab] [1]
/home/ubuntu/relBot/src/relbot_simulator/common/xxinteg.cpp:203:  Tab found; better to use spaces  [whitespace/tab] [1]
/home/ubuntu/relBot/src/relbot_simulator/common/xxinteg.cpp:204:  Tab found; better to use spaces  [whitespace/tab] [1]
/home/ubuntu/relBot/src/relbot_simulator/common/xxinteg.cpp:206:  Tab found; better to use spaces  [whitespace/tab] [1]
/home/ubuntu/relBot/src/relbot_simulator/common/xxinteg.cpp:207:  Tab found; better to use spaces  [whitespace/tab] [1]
/home/ubuntu/relBot/src/relbot_simulator/common/xxinteg.cpp:208:  Tab found; better to use spaces  [whitespace/tab] [1]
/home/ubuntu/relBot/src/relbot_simulator/common/xxinteg.cpp:209:  Tab found; better to use spaces  [whitespace/tab] [1]
/home/ubuntu/relBot/src/relbot_simulator/common/xxinteg.cpp:210:  Tab found; better to use spaces  [whitespace/tab] [1]
/home/ubuntu/relBot/src/relbot_simulator/common/xxinteg.cpp:211:  Tab found; better to use spaces  [whitespace/tab] [1]
/home/ubuntu/relBot/src/relbot_simulator/common/xxinteg.cpp:211:  An else should appear on the same line as the preceding }  [whitespace/newline] [4]
/home/ubuntu/relBot/src/relbot_simulator/common/xxinteg.cpp:212:  Tab found; better to use spaces  [whitespace/tab] [1]
/home/ubuntu/relBot/src/relbot_simulator/common/xxinteg.cpp:213:  Tab found; better to use spaces  [whitespace/tab] [1]
/home/ubuntu/relBot/src/relbot_simulator/common/xxinteg.cpp:214:  Tab found; better to use spaces  [whitespace/tab] [1]
/home/ubuntu/relBot/src/relbot_simulator/common/xxinteg.cpp:215:  Tab found; better to use spaces  [whitespace/tab] [1]
/home/ubuntu/relBot/src/relbot_simulator/common/xxinteg.cpp:216:  Tab found; better to use spaces  [whitespace/tab] [1]
/home/ubuntu/relBot/src/relbot_simulator/common/xxinteg.cpp:218:  Tab found; better to use spaces  [whitespace/tab] [1]
/home/ubuntu/relBot/src/relbot_simulator/common/xxinteg.cpp:220:  Tab found; better to use spaces  [whitespace/tab] [1]
/home/ubuntu/relBot/src/relbot_simulator/common/xxinteg.cpp:221:  Tab found; better to use spaces  [whitespace/tab] [1]
/home/ubuntu/relBot/src/relbot_simulator/common/xxinteg.cpp:229:  Tab found; better to use spaces  [whitespace/tab] [1]
/home/ubuntu/relBot/src/relbot_simulator/common/xxinteg.cpp:230:  Tab found; better to use spaces  [whitespace/tab] [1]
/home/ubuntu/relBot/src/relbot_simulator/common/xxinteg.cpp:231:  Tab found; better to use spaces  [whitespace/tab] [1]
/home/ubuntu/relBot/src/relbot_simulator/common/xxinteg.cpp:232:  Tab found; better to use spaces  [whitespace/tab] [1]
/home/ubuntu/relBot/src/relbot_simulator/common/xxinteg.cpp:233:  Tab found; better to use spaces  [whitespace/tab] [1]
/home/ubuntu/relBot/src/relbot_simulator/common/xxinteg.cpp:235:  Tab found; better to use spaces  [whitespace/tab] [1]
/home/ubuntu/relBot/src/relbot_simulator/common/xxinteg.cpp:240:  Tab found; better to use spaces  [whitespace/tab] [1]
/home/ubuntu/relBot/src/relbot_simulator/common/xxinteg.cpp:241:  Tab found; better to use spaces  [whitespace/tab] [1]
/home/ubuntu/relBot/src/relbot_simulator/common/xxinteg.cpp:242:  Tab found; better to use spaces  [whitespace/tab] [1]
/home/ubuntu/relBot/src/relbot_simulator/common/xxinteg.cpp:243:  Tab found; better to use spaces  [whitespace/tab] [1]
/home/ubuntu/relBot/src/relbot_simulator/common/xxinteg.cpp:244:  Tab found; better to use spaces  [whitespace/tab] [1]
/home/ubuntu/relBot/src/relbot_simulator/common/xxinteg.cpp:245:  Tab found; better to use spaces  [whitespace/tab] [1]
/home/ubuntu/relBot/src/relbot_simulator/common/xxinteg.cpp:246:  Tab found; better to use spaces  [whitespace/tab] [1]
/home/ubuntu/relBot/src/relbot_simulator/common/xxinteg.cpp:247:  Tab found; better to use spaces  [whitespace/tab] [1]
/home/ubuntu/relBot/src/relbot_simulator/common/xxinteg.cpp:256:  Tab found; better to use spaces  [whitespace/tab] [1]
/home/ubuntu/relBot/src/relbot_simulator/common/xxinteg.cpp:257:  Tab found; better to use spaces  [whitespace/tab] [1]
/home/ubuntu/relBot/src/relbot_simulator/common/xxinteg.cpp:257:  Line ends in whitespace.  Consider deleting these extra spaces.  [whitespace/end_of_line] [4]
/home/ubuntu/relBot/src/relbot_simulator/common/xxinteg.cpp:258:  Tab found; better to use spaces  [whitespace/tab] [1]
/home/ubuntu/relBot/src/relbot_simulator/common/xxinteg.cpp:259:  Tab found; better to use spaces  [whitespace/tab] [1]
/home/ubuntu/relBot/src/relbot_simulator/common/xxinteg.cpp:260:  Tab found; better to use spaces  [whitespace/tab] [1]
/home/ubuntu/relBot/src/relbot_simulator/common/xxinteg.cpp:261:  Tab found; better to use spaces  [whitespace/tab] [1]
/home/ubuntu/relBot/src/relbot_simulator/common/xxinteg.cpp:262:  Tab found; better to use spaces  [whitespace/tab] [1]
/home/ubuntu/relBot/src/relbot_simulator/common/xxinteg.cpp:263:  Tab found; better to use spaces  [whitespace/tab] [1]
/home/ubuntu/relBot/src/relbot_simulator/common/xxinteg.cpp:264:  Tab found; better to use spaces  [whitespace/tab] [1]
/home/ubuntu/relBot/src/relbot_simulator/common/xxinteg.cpp:265:  Tab found; better to use spaces  [whitespace/tab] [1]
/home/ubuntu/relBot/src/relbot_simulator/common/xxinteg.cpp:266:  Tab found; better to use spaces  [whitespace/tab] [1]
/home/ubuntu/relBot/src/relbot_simulator/common/xxinteg.cpp:268:  Tab found; better to use spaces  [whitespace/tab] [1]
/home/ubuntu/relBot/src/relbot_simulator/common/xxinteg.cpp:269:  Tab found; better to use spaces  [whitespace/tab] [1]
/home/ubuntu/relBot/src/relbot_simulator/common/xxinteg.cpp:270:  Tab found; better to use spaces  [whitespace/tab] [1]
/home/ubuntu/relBot/src/relbot_simulator/common/xxinteg.cpp:271:  Tab found; better to use spaces  [whitespace/tab] [1]
/home/ubuntu/relBot/src/relbot_simulator/common/xxinteg.cpp:272:  Tab found; better to use spaces  [whitespace/tab] [1]
/home/ubuntu/relBot/src/relbot_simulator/common/xxinteg.cpp:273:  Tab found; better to use spaces  [whitespace/tab] [1]
/home/ubuntu/relBot/src/relbot_simulator/common/xxinteg.cpp:279:  Tab found; better to use spaces  [whitespace/tab] [1]
/home/ubuntu/relBot/src/relbot_simulator/common/xxinteg.cpp:285:  Tab found; better to use spaces  [whitespace/tab] [1]
/home/ubuntu/relBot/src/relbot_simulator/common/xxinteg.cpp:286:  Tab found; better to use spaces  [whitespace/tab] [1]
/home/ubuntu/relBot/src/relbot_simulator/common/xxinteg.cpp:288:  Tab found; better to use spaces  [whitespace/tab] [1]
/home/ubuntu/relBot/src/relbot_simulator/common/xxinteg.cpp:289:  Tab found; better to use spaces  [whitespace/tab] [1]
/home/ubuntu/relBot/src/relbot_simulator/common/xxinteg.cpp:290:  Tab found; better to use spaces  [whitespace/tab] [1]
/home/ubuntu/relBot/src/relbot_simulator/common/xxinteg.cpp:291:  Tab found; better to use spaces  [whitespace/tab] [1]
/home/ubuntu/relBot/src/relbot_simulator/common/xxinteg.cpp:292:  Tab found; better to use spaces  [whitespace/tab] [1]
/home/ubuntu/relBot/src/relbot_simulator/common/xxinteg.cpp:293:  Tab found; better to use spaces  [whitespace/tab] [1]
/home/ubuntu/relBot/src/relbot_simulator/common/xxinteg.cpp:295:  Tab found; better to use spaces  [whitespace/tab] [1]
/home/ubuntu/relBot/src/relbot_simulator/common/xxinteg.cpp:296:  Tab found; better to use spaces  [whitespace/tab] [1]
/home/ubuntu/relBot/src/relbot_simulator/common/xxinteg.cpp:300:  Tab found; better to use spaces  [whitespace/tab] [1]
/home/ubuntu/relBot/src/relbot_simulator/common/xxinteg.cpp:302:  Tab found; better to use spaces  [whitespace/tab] [1]
/home/ubuntu/relBot/src/relbot_simulator/common/xxinteg.cpp:303:  Tab found; better to use spaces  [whitespace/tab] [1]
/home/ubuntu/relBot/src/relbot_simulator/common/xxinteg.cpp:304:  Tab found; better to use spaces  [whitespace/tab] [1]
/home/ubuntu/relBot/src/relbot_simulator/common/xxinteg.cpp:305:  Tab found; better to use spaces  [whitespace/tab] [1]
/home/ubuntu/relBot/src/relbot_simulator/common/xxinteg.cpp:306:  Tab found; better to use spaces  [whitespace/tab] [1]
/home/ubuntu/relBot/src/relbot_simulator/common/xxinteg.cpp:308:  Tab found; better to use spaces  [whitespace/tab] [1]
/home/ubuntu/relBot/src/relbot_simulator/common/xxinteg.cpp:309:  Tab found; better to use spaces  [whitespace/tab] [1]
/home/ubuntu/relBot/src/relbot_simulator/common/xxinteg.cpp:310:  Tab found; better to use spaces  [whitespace/tab] [1]
/home/ubuntu/relBot/src/relbot_simulator/common/xxinteg.cpp:312:  Tab found; better to use spaces  [whitespace/tab] [1]
/home/ubuntu/relBot/src/relbot_simulator/common/xxinteg.cpp:313:  Tab found; better to use spaces  [whitespace/tab] [1]
/home/ubuntu/relBot/src/relbot_simulator/common/xxinteg.cpp:315:  Tab found; better to use spaces  [whitespace/tab] [1]
/home/ubuntu/relBot/src/relbot_simulator/common/xxinteg.cpp:317:  Tab found; better to use spaces  [whitespace/tab] [1]
/home/ubuntu/relBot/src/relbot_simulator/common/xxinteg.cpp:318:  Tab found; better to use spaces  [whitespace/tab] [1]
/home/ubuntu/relBot/src/relbot_simulator/common/xxinteg.cpp:320:  Tab found; better to use spaces  [whitespace/tab] [1]
/home/ubuntu/relBot/src/relbot_simulator/common/xxinteg.cpp:321:  Tab found; better to use spaces  [whitespace/tab] [1]
/home/ubuntu/relBot/src/relbot_simulator/common/xxinteg.cpp:322:  Tab found; better to use spaces  [whitespace/tab] [1]
/home/ubuntu/relBot/src/relbot_simulator/common/xxinteg.cpp:323:  Tab found; better to use spaces  [whitespace/tab] [1]
/home/ubuntu/relBot/src/relbot_simulator/common/xxinteg.cpp:324:  Tab found; better to use spaces  [whitespace/tab] [1]
/home/ubuntu/relBot/src/relbot_simulator/common/xxinteg.cpp:326:  Tab found; better to use spaces  [whitespace/tab] [1]
/home/ubuntu/relBot/src/relbot_simulator/common/xxinteg.cpp:327:  Tab found; better to use spaces  [whitespace/tab] [1]
/home/ubuntu/relBot/src/relbot_simulator/common/xxinteg.cpp:328:  Tab found; better to use spaces  [whitespace/tab] [1]
/home/ubuntu/relBot/src/relbot_simulator/common/xxinteg.cpp:330:  Tab found; better to use spaces  [whitespace/tab] [1]
/home/ubuntu/relBot/src/relbot_simulator/common/xxinteg.cpp:331:  Tab found; better to use spaces  [whitespace/tab] [1]
/home/ubuntu/relBot/src/relbot_simulator/common/xxinteg.cpp:332:  Tab found; better to use spaces  [whitespace/tab] [1]
/home/ubuntu/relBot/src/relbot_simulator/common/xxinteg.cpp:334:  Tab found; better to use spaces  [whitespace/tab] [1]
/home/ubuntu/relBot/src/relbot_simulator/common/xxinteg.cpp:335:  Tab found; better to use spaces  [whitespace/tab] [1]
/home/ubuntu/relBot/src/relbot_simulator/common/xxinteg.cpp:336:  Tab found; better to use spaces  [whitespace/tab] [1]
/home/ubuntu/relBot/src/relbot_simulator/common/xxinteg.cpp:337:  Tab found; better to use spaces  [whitespace/tab] [1]
/home/ubuntu/relBot/src/relbot_simulator/common/xxinteg.cpp:338:  Tab found; better to use spaces  [whitespace/tab] [1]
/home/ubuntu/relBot/src/relbot_simulator/common/xxinteg.cpp:340:  Tab found; better to use spaces  [whitespace/tab] [1]
/home/ubuntu/relBot/src/relbot_simulator/common/xxinteg.cpp:341:  Tab found; better to use spaces  [whitespace/tab] [1]
/home/ubuntu/relBot/src/relbot_simulator/common/xxinteg.cpp:342:  Tab found; better to use spaces  [whitespace/tab] [1]
/home/ubuntu/relBot/src/relbot_simulator/common/xxinteg.cpp:344:  Tab found; better to use spaces  [whitespace/tab] [1]
/home/ubuntu/relBot/src/relbot_simulator/common/xxinteg.cpp:345:  Tab found; better to use spaces  [whitespace/tab] [1]
/home/ubuntu/relBot/src/relbot_simulator/common/xxinteg.cpp:346:  Tab found; better to use spaces  [whitespace/tab] [1]
/home/ubuntu/relBot/src/relbot_simulator/common/xxinteg.cpp:347:  Tab found; better to use spaces  [whitespace/tab] [1]
/home/ubuntu/relBot/src/relbot_simulator/common/xxinteg.cpp:349:  Tab found; better to use spaces  [whitespace/tab] [1]
/home/ubuntu/relBot/src/relbot_simulator/common/xxinteg.cpp:350:  Tab found; better to use spaces  [whitespace/tab] [1]
/home/ubuntu/relBot/src/relbot_simulator/common/xxinteg.cpp:351:  Tab found; better to use spaces  [whitespace/tab] [1]
/home/ubuntu/relBot/src/relbot_simulator/common/xxinteg.cpp:352:  Tab found; better to use spaces  [whitespace/tab] [1]
/home/ubuntu/relBot/src/relbot_simulator/common/xxinteg.cpp:353:  Tab found; better to use spaces  [whitespace/tab] [1]
/home/ubuntu/relBot/src/relbot_simulator/common/xxinteg.cpp:355:  Tab found; better to use spaces  [whitespace/tab] [1]
/home/ubuntu/relBot/src/relbot_simulator/common/xxinteg.cpp:356:  Tab found; better to use spaces  [whitespace/tab] [1]
/home/ubuntu/relBot/src/relbot_simulator/common/xxinteg.cpp:357:  Tab found; better to use spaces  [whitespace/tab] [1]
/home/ubuntu/relBot/src/relbot_simulator/common/xxinteg.cpp:359:  Tab found; better to use spaces  [whitespace/tab] [1]
/home/ubuntu/relBot/src/relbot_simulator/common/xxinteg.cpp:360:  Tab found; better to use spaces  [whitespace/tab] [1]
/home/ubuntu/relBot/src/relbot_simulator/common/xxinteg.cpp:360:  Lines should be <= 100 characters long  [whitespace/line_length] [2]
/home/ubuntu/relBot/src/relbot_simulator/common/xxinteg.cpp:361:  Tab found; better to use spaces  [whitespace/tab] [1]
/home/ubuntu/relBot/src/relbot_simulator/common/xxinteg.cpp:362:  Tab found; better to use spaces  [whitespace/tab] [1]
/home/ubuntu/relBot/src/relbot_simulator/common/xxinteg.cpp:363:  Tab found; better to use spaces  [whitespace/tab] [1]
/home/ubuntu/relBot/src/relbot_simulator/common/xxinteg.cpp:363:  An else should appear on the same line as the preceding }  [whitespace/newline] [4]
/home/ubuntu/relBot/src/relbot_simulator/common/xxinteg.cpp:364:  Tab found; better to use spaces  [whitespace/tab] [1]
/home/ubuntu/relBot/src/relbot_simulator/common/xxinteg.cpp:365:  Tab found; better to use spaces  [whitespace/tab] [1]
/home/ubuntu/relBot/src/relbot_simulator/common/xxinteg.cpp:366:  Tab found; better to use spaces  [whitespace/tab] [1]
/home/ubuntu/relBot/src/relbot_simulator/common/xxinteg.cpp:367:  Tab found; better to use spaces  [whitespace/tab] [1]
/home/ubuntu/relBot/src/relbot_simulator/common/xxinteg.cpp:368:  Tab found; better to use spaces  [whitespace/tab] [1]
/home/ubuntu/relBot/src/relbot_simulator/common/xxinteg.cpp:370:  Tab found; better to use spaces  [whitespace/tab] [1]
/home/ubuntu/relBot/src/relbot_simulator/common/xxinteg.cpp:372:  Tab found; better to use spaces  [whitespace/tab] [1]
/home/ubuntu/relBot/src/relbot_simulator/common/xxinteg.cpp:373:  Tab found; better to use spaces  [whitespace/tab] [1]
/home/ubuntu/relBot/src/relbot_simulator/common/xxinteg.h:0:  No copyright message found.  You should have a line: "Copyright [year] <Copyright Owner>"  [legal/copyright] [5]
/home/ubuntu/relBot/src/relbot_simulator/common/xxinteg.h:14:  #ifndef header guard has wrong style, please use: RELBOT_SIMULATOR__COMMON__XXINTEG_H_  [build/header_guard] [5]
/home/ubuntu/relBot/src/relbot_simulator/common/xxinteg.h:86:  #endif line should be "#endif  // RELBOT_SIMULATOR__COMMON__XXINTEG_H_"  [build/header_guard] [5]
/home/ubuntu/relBot/src/relbot_simulator/common/xxinteg.h:18:  Include the directory when naming .h files  [build/include_subdir] [4]
/home/ubuntu/relBot/src/relbot_simulator/common/xxinteg.h:20:  Tab found; better to use spaces  [whitespace/tab] [1]
/home/ubuntu/relBot/src/relbot_simulator/common/xxinteg.h:20:  At least two spaces is best between code and comments  [whitespace/comments] [2]
/home/ubuntu/relBot/src/relbot_simulator/common/xxinteg.h:20:  Should have a space between // and comment  [whitespace/comments] [4]
/home/ubuntu/relBot/src/relbot_simulator/common/xxinteg.h:25:  Tab found; better to use spaces  [whitespace/tab] [1]
/home/ubuntu/relBot/src/relbot_simulator/common/xxinteg.h:25:  You don't need a ; after a }  [readability/braces] [4]
/home/ubuntu/relBot/src/relbot_simulator/common/xxinteg.h:26:  Tab found; better to use spaces  [whitespace/tab] [1]
/home/ubuntu/relBot/src/relbot_simulator/common/xxinteg.h:26:  You don't need a ; after a }  [readability/braces] [4]
/home/ubuntu/relBot/src/relbot_simulator/common/xxinteg.h:27:  Tab found; better to use spaces  [whitespace/tab] [1]
/home/ubuntu/relBot/src/relbot_simulator/common/xxinteg.h:28:  Tab found; better to use spaces  [whitespace/tab] [1]
/home/ubuntu/relBot/src/relbot_simulator/common/xxinteg.h:29:  Tab found; better to use spaces  [whitespace/tab] [1]
/home/ubuntu/relBot/src/relbot_simulator/common/xxinteg.h:30:  Tab found; better to use spaces  [whitespace/tab] [1]
/home/ubuntu/relBot/src/relbot_simulator/common/xxinteg.h:30:  Line ends in whitespace.  Consider deleting these extra spaces.  [whitespace/end_of_line] [4]
/home/ubuntu/relBot/src/relbot_simulator/common/xxinteg.h:32:  Tab found; better to use spaces  [whitespace/tab] [1]
/home/ubuntu/relBot/src/relbot_simulator/common/xxinteg.h:38:  Tab found; better to use spaces  [whitespace/tab] [1]
/home/ubuntu/relBot/src/relbot_simulator/common/xxinteg.h:39:  Tab found; better to use spaces  [whitespace/tab] [1]
/home/ubuntu/relBot/src/relbot_simulator/common/xxinteg.h:40:  Tab found; better to use spaces  [whitespace/tab] [1]
/home/ubuntu/relBot/src/relbot_simulator/common/xxinteg.h:41:  Tab found; better to use spaces  [whitespace/tab] [1]
/home/ubuntu/relBot/src/relbot_simulator/common/xxinteg.h:42:  Tab found; better to use spaces  [whitespace/tab] [1]
/home/ubuntu/relBot/src/relbot_simulator/common/xxinteg.h:48:  Tab found; better to use spaces  [whitespace/tab] [1]
/home/ubuntu/relBot/src/relbot_simulator/common/xxinteg.h:49:  Tab found; better to use spaces  [whitespace/tab] [1]
/home/ubuntu/relBot/src/relbot_simulator/common/xxinteg.h:50:  Tab found; better to use spaces  [whitespace/tab] [1]
/home/ubuntu/relBot/src/relbot_simulator/common/xxinteg.h:51:  Tab found; better to use spaces  [whitespace/tab] [1]
/home/ubuntu/relBot/src/relbot_simulator/common/xxinteg.h:52:  Tab found; better to use spaces  [whitespace/tab] [1]
/home/ubuntu/relBot/src/relbot_simulator/common/xxinteg.h:58:  Tab found; better to use spaces  [whitespace/tab] [1]
/home/ubuntu/relBot/src/relbot_simulator/common/xxinteg.h:59:  Tab found; better to use spaces  [whitespace/tab] [1]
/home/ubuntu/relBot/src/relbot_simulator/common/xxinteg.h:60:  Tab found; better to use spaces  [whitespace/tab] [1]
/home/ubuntu/relBot/src/relbot_simulator/common/xxinteg.h:61:  Tab found; better to use spaces  [whitespace/tab] [1]
/home/ubuntu/relBot/src/relbot_simulator/common/xxinteg.h:62:  Tab found; better to use spaces  [whitespace/tab] [1]
/home/ubuntu/relBot/src/relbot_simulator/common/xxinteg.h:63:  Tab found; better to use spaces  [whitespace/tab] [1]
/home/ubuntu/relBot/src/relbot_simulator/common/xxinteg.h:63:  Line ends in whitespace.  Consider deleting these extra spaces.  [whitespace/end_of_line] [4]
/home/ubuntu/relBot/src/relbot_simulator/common/xxinteg.h:65:  Tab found; better to use spaces  [whitespace/tab] [1]
/home/ubuntu/relBot/src/relbot_simulator/common/xxinteg.h:66:  Tab found; better to use spaces  [whitespace/tab] [1]
/home/ubuntu/relBot/src/relbot_simulator/common/xxinteg.h:67:  Tab found; better to use spaces  [whitespace/tab] [1]
/home/ubuntu/relBot/src/relbot_simulator/common/xxinteg.h:68:  Tab found; better to use spaces  [whitespace/tab] [1]
/home/ubuntu/relBot/src/relbot_simulator/common/xxinteg.h:69:  Tab found; better to use spaces  [whitespace/tab] [1]
/home/ubuntu/relBot/src/relbot_simulator/common/xxinteg.h:70:  Tab found; better to use spaces  [whitespace/tab] [1]
/home/ubuntu/relBot/src/relbot_simulator/common/xxinteg.h:76:  Tab found; better to use spaces  [whitespace/tab] [1]
/home/ubuntu/relBot/src/relbot_simulator/common/xxinteg.h:77:  Tab found; better to use spaces  [whitespace/tab] [1]
/home/ubuntu/relBot/src/relbot_simulator/common/xxinteg.h:78:  Tab found; better to use spaces  [whitespace/tab] [1]
/home/ubuntu/relBot/src/relbot_simulator/common/xxinteg.h:79:  Tab found; better to use spaces  [whitespace/tab] [1]
/home/ubuntu/relBot/src/relbot_simulator/common/xxinteg.h:80:  Tab found; better to use spaces  [whitespace/tab] [1]
/home/ubuntu/relBot/src/relbot_simulator/common/xxinteg.h:81:  Tab found; better to use spaces  [whitespace/tab] [1]
/home/ubuntu/relBot/src/relbot_simulator/common/xxinteg.h:81:  Line ends in whitespace.  Consider deleting these extra spaces.  [whitespace/end_of_line] [4]
/home/ubuntu/relBot/src/relbot_simulator/common/xxinteg.h:83:  Tab found; better to use spaces  [whitespace/tab] [1]
/home/ubuntu/relBot/src/relbot_simulator/common/xxinverse.cpp:0:  No copyright message found.  You should have a line: "Copyright [year] <Copyright Owner>"  [legal/copyright] [5]
/home/ubuntu/relBot/src/relbot_simulator/common/xxinverse.cpp:26:  Include the directory when naming .h files  [build/include_subdir] [4]
/home/ubuntu/relBot/src/relbot_simulator/common/xxinverse.cpp:27:  Include the directory when naming .h files  [build/include_subdir] [4]
/home/ubuntu/relBot/src/relbot_simulator/common/xxinverse.cpp:34:  Tab found; better to use spaces  [whitespace/tab] [1]
/home/ubuntu/relBot/src/relbot_simulator/common/xxinverse.cpp:35:  Tab found; better to use spaces  [whitespace/tab] [1]
/home/ubuntu/relBot/src/relbot_simulator/common/xxinverse.cpp:37:  Tab found; better to use spaces  [whitespace/tab] [1]
/home/ubuntu/relBot/src/relbot_simulator/common/xxinverse.cpp:38:  Tab found; better to use spaces  [whitespace/tab] [1]
/home/ubuntu/relBot/src/relbot_simulator/common/xxinverse.cpp:39:  Tab found; better to use spaces  [whitespace/tab] [1]
/home/ubuntu/relBot/src/relbot_simulator/common/xxinverse.cpp:40:  Tab found; better to use spaces  [whitespace/tab] [1]
/home/ubuntu/relBot/src/relbot_simulator/common/xxinverse.cpp:42:  Tab found; better to use spaces  [whitespace/tab] [1]
/home/ubuntu/relBot/src/relbot_simulator/common/xxinverse.cpp:43:  Tab found; better to use spaces  [whitespace/tab] [1]
/home/ubuntu/relBot/src/relbot_simulator/common/xxinverse.cpp:52:  Tab found; better to use spaces  [whitespace/tab] [1]
/home/ubuntu/relBot/src/relbot_simulator/common/xxinverse.cpp:53:  Tab found; better to use spaces  [whitespace/tab] [1]
/home/ubuntu/relBot/src/relbot_simulator/common/xxinverse.cpp:55:  Tab found; better to use spaces  [whitespace/tab] [1]
/home/ubuntu/relBot/src/relbot_simulator/common/xxinverse.cpp:56:  Tab found; better to use spaces  [whitespace/tab] [1]
/home/ubuntu/relBot/src/relbot_simulator/common/xxinverse.cpp:57:  Tab found; better to use spaces  [whitespace/tab] [1]
/home/ubuntu/relBot/src/relbot_simulator/common/xxinverse.cpp:58:  Tab found; better to use spaces  [whitespace/tab] [1]
/home/ubuntu/relBot/src/relbot_simulator/common/xxinverse.cpp:60:  Tab found; better to use spaces  [whitespace/tab] [1]
/home/ubuntu/relBot/src/relbot_simulator/common/xxinverse.cpp:61:  Tab found; better to use spaces  [whitespace/tab] [1]
/home/ubuntu/relBot/src/relbot_simulator/common/xxinverse.cpp:63:  Tab found; better to use spaces  [whitespace/tab] [1]
/home/ubuntu/relBot/src/relbot_simulator/common/xxinverse.cpp:64:  Tab found; better to use spaces  [whitespace/tab] [1]
/home/ubuntu/relBot/src/relbot_simulator/common/xxinverse.cpp:73:  Tab found; better to use spaces  [whitespace/tab] [1]
/home/ubuntu/relBot/src/relbot_simulator/common/xxinverse.cpp:74:  Tab found; better to use spaces  [whitespace/tab] [1]
/home/ubuntu/relBot/src/relbot_simulator/common/xxinverse.cpp:76:  Tab found; better to use spaces  [whitespace/tab] [1]
/home/ubuntu/relBot/src/relbot_simulator/common/xxinverse.cpp:77:  Tab found; better to use spaces  [whitespace/tab] [1]
/home/ubuntu/relBot/src/relbot_simulator/common/xxinverse.cpp:79:  Tab found; better to use spaces  [whitespace/tab] [1]
/home/ubuntu/relBot/src/relbot_simulator/common/xxinverse.cpp:80:  Tab found; better to use spaces  [whitespace/tab] [1]
/home/ubuntu/relBot/src/relbot_simulator/common/xxinverse.cpp:81:  Tab found; better to use spaces  [whitespace/tab] [1]
/home/ubuntu/relBot/src/relbot_simulator/common/xxinverse.cpp:82:  Tab found; better to use spaces  [whitespace/tab] [1]
/home/ubuntu/relBot/src/relbot_simulator/common/xxinverse.cpp:83:  Tab found; better to use spaces  [whitespace/tab] [1]
/home/ubuntu/relBot/src/relbot_simulator/common/xxinverse.cpp:84:  Tab found; better to use spaces  [whitespace/tab] [1]
/home/ubuntu/relBot/src/relbot_simulator/common/xxinverse.cpp:86:  Tab found; better to use spaces  [whitespace/tab] [1]
/home/ubuntu/relBot/src/relbot_simulator/common/xxinverse.cpp:87:  Tab found; better to use spaces  [whitespace/tab] [1]
/home/ubuntu/relBot/src/relbot_simulator/common/xxinverse.cpp:88:  Tab found; better to use spaces  [whitespace/tab] [1]
/home/ubuntu/relBot/src/relbot_simulator/common/xxinverse.cpp:89:  Tab found; better to use spaces  [whitespace/tab] [1]
/home/ubuntu/relBot/src/relbot_simulator/common/xxinverse.cpp:90:  Tab found; better to use spaces  [whitespace/tab] [1]
/home/ubuntu/relBot/src/relbot_simulator/common/xxinverse.cpp:91:  Tab found; better to use spaces  [whitespace/tab] [1]
/home/ubuntu/relBot/src/relbot_simulator/common/xxinverse.cpp:92:  Tab found; better to use spaces  [whitespace/tab] [1]
/home/ubuntu/relBot/src/relbot_simulator/common/xxinverse.cpp:93:  Tab found; better to use spaces  [whitespace/tab] [1]
/home/ubuntu/relBot/src/relbot_simulator/common/xxinverse.cpp:94:  Tab found; better to use spaces  [whitespace/tab] [1]
/home/ubuntu/relBot/src/relbot_simulator/common/xxinverse.cpp:96:  Tab found; better to use spaces  [whitespace/tab] [1]
/home/ubuntu/relBot/src/relbot_simulator/common/xxinverse.cpp:97:  Tab found; better to use spaces  [whitespace/tab] [1]
/home/ubuntu/relBot/src/relbot_simulator/common/xxinverse.cpp:98:  Tab found; better to use spaces  [whitespace/tab] [1]
/home/ubuntu/relBot/src/relbot_simulator/common/xxinverse.cpp:99:  Tab found; better to use spaces  [whitespace/tab] [1]
/home/ubuntu/relBot/src/relbot_simulator/common/xxinverse.cpp:100:  Tab found; better to use spaces  [whitespace/tab] [1]
/home/ubuntu/relBot/src/relbot_simulator/common/xxinverse.cpp:101:  Tab found; better to use spaces  [whitespace/tab] [1]
/home/ubuntu/relBot/src/relbot_simulator/common/xxinverse.cpp:102:  Tab found; better to use spaces  [whitespace/tab] [1]
/home/ubuntu/relBot/src/relbot_simulator/common/xxinverse.cpp:103:  Tab found; better to use spaces  [whitespace/tab] [1]
/home/ubuntu/relBot/src/relbot_simulator/common/xxinverse.cpp:111:  Tab found; better to use spaces  [whitespace/tab] [1]
/home/ubuntu/relBot/src/relbot_simulator/common/xxinverse.cpp:112:  Tab found; better to use spaces  [whitespace/tab] [1]
/home/ubuntu/relBot/src/relbot_simulator/common/xxinverse.cpp:114:  Tab found; better to use spaces  [whitespace/tab] [1]
/home/ubuntu/relBot/src/relbot_simulator/common/xxinverse.cpp:116:  Tab found; better to use spaces  [whitespace/tab] [1]
/home/ubuntu/relBot/src/relbot_simulator/common/xxinverse.cpp:117:  Tab found; better to use spaces  [whitespace/tab] [1]
/home/ubuntu/relBot/src/relbot_simulator/common/xxinverse.cpp:118:  Tab found; better to use spaces  [whitespace/tab] [1]
/home/ubuntu/relBot/src/relbot_simulator/common/xxinverse.cpp:119:  Tab found; better to use spaces  [whitespace/tab] [1]
/home/ubuntu/relBot/src/relbot_simulator/common/xxinverse.cpp:120:  Tab found; better to use spaces  [whitespace/tab] [1]
/home/ubuntu/relBot/src/relbot_simulator/common/xxinverse.cpp:121:  Tab found; better to use spaces  [whitespace/tab] [1]
/home/ubuntu/relBot/src/relbot_simulator/common/xxinverse.cpp:132:  Tab found; better to use spaces  [whitespace/tab] [1]
/home/ubuntu/relBot/src/relbot_simulator/common/xxinverse.cpp:133:  Tab found; better to use spaces  [whitespace/tab] [1]
/home/ubuntu/relBot/src/relbot_simulator/common/xxinverse.cpp:135:  Tab found; better to use spaces  [whitespace/tab] [1]
/home/ubuntu/relBot/src/relbot_simulator/common/xxinverse.cpp:136:  Tab found; better to use spaces  [whitespace/tab] [1]
/home/ubuntu/relBot/src/relbot_simulator/common/xxinverse.cpp:138:  Tab found; better to use spaces  [whitespace/tab] [1]
/home/ubuntu/relBot/src/relbot_simulator/common/xxinverse.cpp:139:  Tab found; better to use spaces  [whitespace/tab] [1]
/home/ubuntu/relBot/src/relbot_simulator/common/xxinverse.cpp:140:  Tab found; better to use spaces  [whitespace/tab] [1]
/home/ubuntu/relBot/src/relbot_simulator/common/xxinverse.cpp:142:  Tab found; better to use spaces  [whitespace/tab] [1]
/home/ubuntu/relBot/src/relbot_simulator/common/xxinverse.cpp:143:  Tab found; better to use spaces  [whitespace/tab] [1]
/home/ubuntu/relBot/src/relbot_simulator/common/xxinverse.cpp:144:  Tab found; better to use spaces  [whitespace/tab] [1]
/home/ubuntu/relBot/src/relbot_simulator/common/xxinverse.cpp:145:  Tab found; better to use spaces  [whitespace/tab] [1]
/home/ubuntu/relBot/src/relbot_simulator/common/xxinverse.cpp:146:  Tab found; better to use spaces  [whitespace/tab] [1]
/home/ubuntu/relBot/src/relbot_simulator/common/xxinverse.cpp:147:  Tab found; better to use spaces  [whitespace/tab] [1]
/home/ubuntu/relBot/src/relbot_simulator/common/xxinverse.cpp:148:  Tab found; better to use spaces  [whitespace/tab] [1]
/home/ubuntu/relBot/src/relbot_simulator/common/xxinverse.cpp:149:  Tab found; better to use spaces  [whitespace/tab] [1]
/home/ubuntu/relBot/src/relbot_simulator/common/xxinverse.cpp:150:  Tab found; better to use spaces  [whitespace/tab] [1]
/home/ubuntu/relBot/src/relbot_simulator/common/xxinverse.cpp:152:  Tab found; better to use spaces  [whitespace/tab] [1]
/home/ubuntu/relBot/src/relbot_simulator/common/xxinverse.cpp:153:  Tab found; better to use spaces  [whitespace/tab] [1]
/home/ubuntu/relBot/src/relbot_simulator/common/xxinverse.cpp:154:  Tab found; better to use spaces  [whitespace/tab] [1]
/home/ubuntu/relBot/src/relbot_simulator/common/xxinverse.cpp:155:  Tab found; better to use spaces  [whitespace/tab] [1]
/home/ubuntu/relBot/src/relbot_simulator/common/xxinverse.cpp:156:  Tab found; better to use spaces  [whitespace/tab] [1]
/home/ubuntu/relBot/src/relbot_simulator/common/xxinverse.cpp:157:  Tab found; better to use spaces  [whitespace/tab] [1]
/home/ubuntu/relBot/src/relbot_simulator/common/xxinverse.cpp:158:  Tab found; better to use spaces  [whitespace/tab] [1]
/home/ubuntu/relBot/src/relbot_simulator/common/xxinverse.cpp:166:  Tab found; better to use spaces  [whitespace/tab] [1]
/home/ubuntu/relBot/src/relbot_simulator/common/xxinverse.cpp:167:  Tab found; better to use spaces  [whitespace/tab] [1]
/home/ubuntu/relBot/src/relbot_simulator/common/xxinverse.cpp:169:  Tab found; better to use spaces  [whitespace/tab] [1]
/home/ubuntu/relBot/src/relbot_simulator/common/xxinverse.cpp:170:  Tab found; better to use spaces  [whitespace/tab] [1]
/home/ubuntu/relBot/src/relbot_simulator/common/xxinverse.cpp:172:  Tab found; better to use spaces  [whitespace/tab] [1]
/home/ubuntu/relBot/src/relbot_simulator/common/xxinverse.cpp:173:  Tab found; better to use spaces  [whitespace/tab] [1]
/home/ubuntu/relBot/src/relbot_simulator/common/xxinverse.cpp:174:  Tab found; better to use spaces  [whitespace/tab] [1]
/home/ubuntu/relBot/src/relbot_simulator/common/xxinverse.cpp:175:  Tab found; better to use spaces  [whitespace/tab] [1]
/home/ubuntu/relBot/src/relbot_simulator/common/xxinverse.cpp:176:  Tab found; better to use spaces  [whitespace/tab] [1]
/home/ubuntu/relBot/src/relbot_simulator/common/xxinverse.cpp:177:  Tab found; better to use spaces  [whitespace/tab] [1]
/home/ubuntu/relBot/src/relbot_simulator/common/xxinverse.cpp:179:  Tab found; better to use spaces  [whitespace/tab] [1]
/home/ubuntu/relBot/src/relbot_simulator/common/xxinverse.cpp:180:  Tab found; better to use spaces  [whitespace/tab] [1]
/home/ubuntu/relBot/src/relbot_simulator/common/xxinverse.cpp:184:  Tab found; better to use spaces  [whitespace/tab] [1]
/home/ubuntu/relBot/src/relbot_simulator/common/xxinverse.cpp:185:  Tab found; better to use spaces  [whitespace/tab] [1]
/home/ubuntu/relBot/src/relbot_simulator/common/xxinverse.cpp:187:  Tab found; better to use spaces  [whitespace/tab] [1]
/home/ubuntu/relBot/src/relbot_simulator/common/xxinverse.cpp:188:  Tab found; better to use spaces  [whitespace/tab] [1]
/home/ubuntu/relBot/src/relbot_simulator/common/xxinverse.cpp:190:  Tab found; better to use spaces  [whitespace/tab] [1]
/home/ubuntu/relBot/src/relbot_simulator/common/xxinverse.cpp:191:  Tab found; better to use spaces  [whitespace/tab] [1]
/home/ubuntu/relBot/src/relbot_simulator/common/xxinverse.cpp:192:  Tab found; better to use spaces  [whitespace/tab] [1]
/home/ubuntu/relBot/src/relbot_simulator/common/xxinverse.cpp:193:  Tab found; better to use spaces  [whitespace/tab] [1]
/home/ubuntu/relBot/src/relbot_simulator/common/xxinverse.cpp:194:  Tab found; better to use spaces  [whitespace/tab] [1]
/home/ubuntu/relBot/src/relbot_simulator/common/xxinverse.cpp:195:  Tab found; better to use spaces  [whitespace/tab] [1]
/home/ubuntu/relBot/src/relbot_simulator/common/xxinverse.cpp:196:  Tab found; better to use spaces  [whitespace/tab] [1]
/home/ubuntu/relBot/src/relbot_simulator/common/xxinverse.cpp:197:  Tab found; better to use spaces  [whitespace/tab] [1]
/home/ubuntu/relBot/src/relbot_simulator/common/xxinverse.cpp:198:  Tab found; better to use spaces  [whitespace/tab] [1]
/home/ubuntu/relBot/src/relbot_simulator/common/xxinverse.cpp:199:  Redundant blank line at the end of a code block should be deleted.  [whitespace/blank_line] [3]
/home/ubuntu/relBot/src/relbot_simulator/common/xxinverse.cpp:200:  Tab found; better to use spaces  [whitespace/tab] [1]
/home/ubuntu/relBot/src/relbot_simulator/common/xxinverse.cpp:201:  Tab found; better to use spaces  [whitespace/tab] [1]
/home/ubuntu/relBot/src/relbot_simulator/common/xxinverse.cpp:210:  Tab found; better to use spaces  [whitespace/tab] [1]
/home/ubuntu/relBot/src/relbot_simulator/common/xxinverse.cpp:211:  Tab found; better to use spaces  [whitespace/tab] [1]
/home/ubuntu/relBot/src/relbot_simulator/common/xxinverse.cpp:212:  Tab found; better to use spaces  [whitespace/tab] [1]
/home/ubuntu/relBot/src/relbot_simulator/common/xxinverse.cpp:214:  Tab found; better to use spaces  [whitespace/tab] [1]
/home/ubuntu/relBot/src/relbot_simulator/common/xxinverse.cpp:215:  Tab found; better to use spaces  [whitespace/tab] [1]
/home/ubuntu/relBot/src/relbot_simulator/common/xxinverse.cpp:216:  Tab found; better to use spaces  [whitespace/tab] [1]
/home/ubuntu/relBot/src/relbot_simulator/common/xxinverse.cpp:217:  Tab found; better to use spaces  [whitespace/tab] [1]
/home/ubuntu/relBot/src/relbot_simulator/common/xxinverse.cpp:218:  Tab found; better to use spaces  [whitespace/tab] [1]
/home/ubuntu/relBot/src/relbot_simulator/common/xxinverse.cpp:224:  Tab found; better to use spaces  [whitespace/tab] [1]
/home/ubuntu/relBot/src/relbot_simulator/common/xxinverse.cpp:225:  Tab found; better to use spaces  [whitespace/tab] [1]
/home/ubuntu/relBot/src/relbot_simulator/common/xxinverse.cpp:227:  Tab found; better to use spaces  [whitespace/tab] [1]
/home/ubuntu/relBot/src/relbot_simulator/common/xxinverse.cpp:228:  Tab found; better to use spaces  [whitespace/tab] [1]
/home/ubuntu/relBot/src/relbot_simulator/common/xxinverse.cpp:229:  Tab found; better to use spaces  [whitespace/tab] [1]
/home/ubuntu/relBot/src/relbot_simulator/common/xxinverse.cpp:230:  Tab found; better to use spaces  [whitespace/tab] [1]
/home/ubuntu/relBot/src/relbot_simulator/common/xxinverse.cpp:231:  Tab found; better to use spaces  [whitespace/tab] [1]
/home/ubuntu/relBot/src/relbot_simulator/common/xxinverse.cpp:242:  Tab found; better to use spaces  [whitespace/tab] [1]
/home/ubuntu/relBot/src/relbot_simulator/common/xxinverse.cpp:244:  Tab found; better to use spaces  [whitespace/tab] [1]
/home/ubuntu/relBot/src/relbot_simulator/common/xxinverse.cpp:245:  Tab found; better to use spaces  [whitespace/tab] [1]
/home/ubuntu/relBot/src/relbot_simulator/common/xxinverse.cpp:246:  Tab found; better to use spaces  [whitespace/tab] [1]
/home/ubuntu/relBot/src/relbot_simulator/common/xxinverse.cpp:247:  Tab found; better to use spaces  [whitespace/tab] [1]
/home/ubuntu/relBot/src/relbot_simulator/common/xxinverse.cpp:258:  Tab found; better to use spaces  [whitespace/tab] [1]
/home/ubuntu/relBot/src/relbot_simulator/common/xxinverse.cpp:259:  Tab found; better to use spaces  [whitespace/tab] [1]
/home/ubuntu/relBot/src/relbot_simulator/common/xxinverse.cpp:260:  Tab found; better to use spaces  [whitespace/tab] [1]
/home/ubuntu/relBot/src/relbot_simulator/common/xxinverse.cpp:261:  Tab found; better to use spaces  [whitespace/tab] [1]
/home/ubuntu/relBot/src/relbot_simulator/common/xxinverse.cpp:262:  Tab found; better to use spaces  [whitespace/tab] [1]
/home/ubuntu/relBot/src/relbot_simulator/common/xxinverse.cpp:263:  Tab found; better to use spaces  [whitespace/tab] [1]
/home/ubuntu/relBot/src/relbot_simulator/common/xxinverse.cpp:264:  Tab found; better to use spaces  [whitespace/tab] [1]
/home/ubuntu/relBot/src/relbot_simulator/common/xxinverse.cpp:266:  Tab found; better to use spaces  [whitespace/tab] [1]
/home/ubuntu/relBot/src/relbot_simulator/common/xxinverse.cpp:267:  Tab found; better to use spaces  [whitespace/tab] [1]
/home/ubuntu/relBot/src/relbot_simulator/common/xxinverse.cpp:269:  Tab found; better to use spaces  [whitespace/tab] [1]
/home/ubuntu/relBot/src/relbot_simulator/common/xxinverse.cpp:270:  Tab found; better to use spaces  [whitespace/tab] [1]
/home/ubuntu/relBot/src/relbot_simulator/common/xxinverse.cpp:271:  Tab found; better to use spaces  [whitespace/tab] [1]
/home/ubuntu/relBot/src/relbot_simulator/common/xxinverse.cpp:272:  Tab found; better to use spaces  [whitespace/tab] [1]
/home/ubuntu/relBot/src/relbot_simulator/common/xxinverse.cpp:273:  Tab found; better to use spaces  [whitespace/tab] [1]
/home/ubuntu/relBot/src/relbot_simulator/common/xxinverse.cpp:275:  Tab found; better to use spaces  [whitespace/tab] [1]
/home/ubuntu/relBot/src/relbot_simulator/common/xxinverse.cpp:276:  Tab found; better to use spaces  [whitespace/tab] [1]
/home/ubuntu/relBot/src/relbot_simulator/common/xxinverse.cpp:277:  Tab found; better to use spaces  [whitespace/tab] [1]
/home/ubuntu/relBot/src/relbot_simulator/common/xxinverse.cpp:278:  Tab found; better to use spaces  [whitespace/tab] [1]
/home/ubuntu/relBot/src/relbot_simulator/common/xxinverse.cpp:280:  Tab found; better to use spaces  [whitespace/tab] [1]
/home/ubuntu/relBot/src/relbot_simulator/common/xxinverse.cpp:281:  Tab found; better to use spaces  [whitespace/tab] [1]
/home/ubuntu/relBot/src/relbot_simulator/common/xxinverse.cpp:282:  Tab found; better to use spaces  [whitespace/tab] [1]
/home/ubuntu/relBot/src/relbot_simulator/common/xxinverse.cpp:283:  Tab found; better to use spaces  [whitespace/tab] [1]
/home/ubuntu/relBot/src/relbot_simulator/common/xxinverse.cpp:285:  Tab found; better to use spaces  [whitespace/tab] [1]
/home/ubuntu/relBot/src/relbot_simulator/common/xxinverse.cpp:286:  Tab found; better to use spaces  [whitespace/tab] [1]
/home/ubuntu/relBot/src/relbot_simulator/common/xxinverse.cpp:287:  Tab found; better to use spaces  [whitespace/tab] [1]
/home/ubuntu/relBot/src/relbot_simulator/common/xxinverse.cpp:288:  Tab found; better to use spaces  [whitespace/tab] [1]
/home/ubuntu/relBot/src/relbot_simulator/common/xxinverse.cpp:290:  Tab found; better to use spaces  [whitespace/tab] [1]
/home/ubuntu/relBot/src/relbot_simulator/common/xxinverse.cpp:291:  Tab found; better to use spaces  [whitespace/tab] [1]
/home/ubuntu/relBot/src/relbot_simulator/common/xxinverse.cpp:292:  Tab found; better to use spaces  [whitespace/tab] [1]
/home/ubuntu/relBot/src/relbot_simulator/common/xxinverse.cpp:294:  Tab found; better to use spaces  [whitespace/tab] [1]
/home/ubuntu/relBot/src/relbot_simulator/common/xxinverse.cpp:295:  Tab found; better to use spaces  [whitespace/tab] [1]
/home/ubuntu/relBot/src/relbot_simulator/common/xxinverse.cpp:296:  Tab found; better to use spaces  [whitespace/tab] [1]
/home/ubuntu/relBot/src/relbot_simulator/common/xxinverse.cpp:297:  Tab found; better to use spaces  [whitespace/tab] [1]
/home/ubuntu/relBot/src/relbot_simulator/common/xxinverse.cpp:298:  Tab found; better to use spaces  [whitespace/tab] [1]
/home/ubuntu/relBot/src/relbot_simulator/common/xxinverse.cpp:299:  Tab found; better to use spaces  [whitespace/tab] [1]
/home/ubuntu/relBot/src/relbot_simulator/common/xxinverse.cpp:300:  Tab found; better to use spaces  [whitespace/tab] [1]
/home/ubuntu/relBot/src/relbot_simulator/common/xxinverse.cpp:301:  Tab found; better to use spaces  [whitespace/tab] [1]
/home/ubuntu/relBot/src/relbot_simulator/common/xxinverse.cpp:303:  Tab found; better to use spaces  [whitespace/tab] [1]
/home/ubuntu/relBot/src/relbot_simulator/common/xxinverse.cpp:304:  Tab found; better to use spaces  [whitespace/tab] [1]
/home/ubuntu/relBot/src/relbot_simulator/common/xxinverse.cpp:305:  Tab found; better to use spaces  [whitespace/tab] [1]
/home/ubuntu/relBot/src/relbot_simulator/common/xxinverse.cpp:306:  Tab found; better to use spaces  [whitespace/tab] [1]
/home/ubuntu/relBot/src/relbot_simulator/common/xxinverse.cpp:308:  Tab found; better to use spaces  [whitespace/tab] [1]
/home/ubuntu/relBot/src/relbot_simulator/common/xxinverse.cpp:309:  Tab found; better to use spaces  [whitespace/tab] [1]
/home/ubuntu/relBot/src/relbot_simulator/common/xxinverse.cpp:310:  Tab found; better to use spaces  [whitespace/tab] [1]
/home/ubuntu/relBot/src/relbot_simulator/common/xxinverse.cpp:312:  Tab found; better to use spaces  [whitespace/tab] [1]
/home/ubuntu/relBot/src/relbot_simulator/common/xxinverse.cpp:313:  Tab found; better to use spaces  [whitespace/tab] [1]
/home/ubuntu/relBot/src/relbot_simulator/common/xxinverse.cpp:315:  Tab found; better to use spaces  [whitespace/tab] [1]
/home/ubuntu/relBot/src/relbot_simulator/common/xxinverse.cpp:316:  Tab found; better to use spaces  [whitespace/tab] [1]
/home/ubuntu/relBot/src/relbot_simulator/common/xxinverse.cpp:318:  Tab found; better to use spaces  [whitespace/tab] [1]
/home/ubuntu/relBot/src/relbot_simulator/common/xxinverse.cpp:327:  Tab found; better to use spaces  [whitespace/tab] [1]
/home/ubuntu/relBot/src/relbot_simulator/common/xxinverse.cpp:328:  Tab found; better to use spaces  [whitespace/tab] [1]
/home/ubuntu/relBot/src/relbot_simulator/common/xxinverse.cpp:329:  Tab found; better to use spaces  [whitespace/tab] [1]
/home/ubuntu/relBot/src/relbot_simulator/common/xxinverse.cpp:330:  Tab found; better to use spaces  [whitespace/tab] [1]
/home/ubuntu/relBot/src/relbot_simulator/common/xxinverse.cpp:332:  Tab found; better to use spaces  [whitespace/tab] [1]
/home/ubuntu/relBot/src/relbot_simulator/common/xxinverse.cpp:333:  Tab found; better to use spaces  [whitespace/tab] [1]
/home/ubuntu/relBot/src/relbot_simulator/common/xxinverse.cpp:335:  Tab found; better to use spaces  [whitespace/tab] [1]
/home/ubuntu/relBot/src/relbot_simulator/common/xxinverse.cpp:336:  Tab found; better to use spaces  [whitespace/tab] [1]
/home/ubuntu/relBot/src/relbot_simulator/common/xxinverse.cpp:337:  Tab found; better to use spaces  [whitespace/tab] [1]
/home/ubuntu/relBot/src/relbot_simulator/common/xxinverse.cpp:338:  Tab found; better to use spaces  [whitespace/tab] [1]
[...]
+    ((m_V[11] < -m_V[1]) ?
+                        /* Drivetrain_left\steer_left + Drivetrain_left\DeadZone1\halfzone */
+    (m_V[11] + m_V[1])
+    :
+                        /* 0.0 */
+    0.0
+    )
+  );
+
+        /* Drivetrain_left\gy_motor_constant_left\p1.u = Drivetrain_left\gy_motor_constant_left\r * Drivetrain_left\Integrate\input; */
+  m_V[4] = m_P[3] * m_R[0];
+
+        /* Drivetrain_left\R_rotational_friction_left\p.e = Drivetrain_left\R_rotational_friction_left\r * Drivetrain_left\Integrate\input; */
+  m_V[8] = m_P[6] * m_R[0];
+
+        /* Drivetrain_left\tf_gearbox_reduction_left\p2.f = Drivetrain_left\tf_gearbox_reduction_left\r * Drivetrain_left\Integrate\input; */
+  m_V[10] = m_P[7] * m_R[0];
+
+        /* Drivetrain_right\DeadZone2\output = if Drivetrain_right\steer_right > Drivetrain_right\DeadZone2\halfzone... ; */
+  m_V[12] = ((m_V[23] > m_V[13]) ?
+                /* Drivetrain_right\steer_right - Drivetrain_right\DeadZone2\halfzone */
+    (m_V[23] - m_V[13])
+    :
+                /* if Drivetrain_right\steer_right < -Drivetrain_right\DeadZone2\halfzone...  */
+    ((m_V[23] < -m_V[13]) ?
+                        /* Drivetrain_right\steer_right + Drivetrain_right\DeadZone2\halfzone */
+    (m_V[23] + m_V[13])
+    :
+                        /* 0.0 */
+    0.0
+    )
+  );
+
+        /* Drivetrain_right\gy_motor_constant_right\p1.u = Drivetrain_right\gy_motor_constant_right\r * Drivetrain_right\Integrate\input; */
+  m_V[16] = m_P[11] * m_R[2];
+
+        /* Drivetrain_right\R_rotational_friction_right\p.e = Drivetrain_right\R_rotational_friction_right\r * Drivetrain_right\Integrate\input; */
+  m_V[20] = m_P[14] * m_R[2];
+
+        /* Drivetrain_right\tf_gearbox_reduction_right\p2.f = Drivetrain_right\tf_gearbox_reduction_right\r * Drivetrain_right\Integrate\input; */
+  m_V[22] = m_P[15] * m_R[2];
+
+        /* new_rate = Rigid_body\m_RELbot\p.f[1,1]; */
+  m_R[9] = m_M[1].mat[0];
+
+        /* new_rate = Rigid_body\m_RELbot\p.f[2,1]; */
+  m_R[10] = m_M[1].mat[1];
+
+        /* Rigid_body\RTF\r = [cos (Rigid_body\AngleBody\output), -sin (Rigid_body\AngleBody\output); sin (Rigid_body\AngleBody\output), cos (Rigid_body\AngleBody\output)]; */
+  m_M[8].mat[0] = cos (m_s[4]);
+  m_M[8].mat[1] = -(sin (m_s[4]));
+  m_M[8].mat[2] = sin (m_s[4]);
+  m_M[8].mat[3] = cos (m_s[4]);
+
+        /* Rigid_body\RTF\p1.f = (1.0 / Rigid_body\RTF\r) * Rigid_body\m_RELbot\p.f; */
+  XXScalarMatrixDiv (&m_M[18], 1.0, &m_M[8], m_workarray);
+        /* Rigid_body\RTF\p1.f = (1.0 / Rigid_body\RTF\r) * Rigid_body\m_RELbot\p.f; */
+  XXMatrixMul (&m_M[7], &m_M[18], &m_M[1]);
+
+        /* Rigid_body\tf_wheel_left_wrt_CoM\p2.f = Rigid_body\tf_wheel_left_wrt_CoM\r * Rigid_body\AngleBody\input; */
+  XXMatrixScalarMul (&m_M[9], &m_M[10], m_R[4]);
+
+        /* Rigid_body\tf_wheel_right_wrt_CoM\p2.f = Rigid_body\tf_wheel_right_wrt_CoM\r * Rigid_body\AngleBody\input; */
+  XXMatrixScalarMul (&m_M[11], &m_M[12], m_R[4]);
+
+        /* Drivetrain_left\DutycycleToVolt\output = Drivetrain_left\DutycycleToVolt\K * Drivetrain_left\DeadZone1\output; */
+  m_V[2] = m_P[1] * m_V[0];
+
+        /* Drivetrain_right\DutycycleToVolt\output = Drivetrain_right\DutycycleToVolt\K * Drivetrain_right\DeadZone2\output; */
+  m_V[14] = m_P[9] * m_V[12];
+
+        /* [Rigid_body\PowerDemuxLeft\output1.f; Rigid_body\PowerDemuxLeft\output2.f] = Rigid_body\tf_wheel_left_wrt_CoM\p2.f; */
+  m_V[43] = m_M[9].mat[0];
+  m_V[46] = m_M[9].mat[1];
+
+        /* [Rigid_body\PowerDemuxRight\output1.f; Rigid_body\PowerDemuxRight\output2.f] = Rigid_body\tf_wheel_right_wrt_CoM\p2.f; */
+  m_V[51] = m_M[11].mat[0];
+  m_V[54] = m_M[11].mat[1];
+
+        /* [Rigid_body\PowerDemuxLeft1\output1.f; Rigid_body\PowerDemuxLeft1\output2.f] = Rigid_body\RTF\p1.f; */
+  m_V[47] = m_M[7].mat[0];
+  m_V[50] = m_M[7].mat[1];
+
+        /* Drivetrain_left\i_actuator_left\p2.u = Drivetrain_left\DutycycleToVolt\output - Drivetrain_left\gy_motor_constant_left\p1.u; */
+  m_V[6] = m_V[2] - m_V[4];
+
+        /* Drivetrain_right\i_actuator_left1\p2.u = Drivetrain_right\DutycycleToVolt\output - Drivetrain_right\gy_motor_constant_right\p1.u; */
+  m_V[18] = m_V[14] - m_V[16];
+
+        /* Rigid_body\c_y_left\p.f = Rigid_body\PowerDemuxLeft1\output2.f + Rigid_body\PowerDemuxLeft\output2.f; */
+  m_R[7] = m_V[50] + m_V[46];
+
+        /* [Rigid_body\PowerDemuxRight1\output1.f; Rigid_body\PowerDemuxRight1\output2.f] = Rigid_body\RTF\p1.f; */
+  m_V[55] = m_M[7].mat[0];
+  m_V[58] = m_M[7].mat[1];
+
+        /* Wheel_left\R_rotational_friction_left\p.e = Wheel_left\R_rotational_friction_left\r * Drivetrain_left\tf_gearbox_reduction_left\p2.f; */
+  m_V[77] = m_P[32] * m_V[10];
+
+        /* Wheel_left\tf_rotation_to_translation_left\p2.f = Wheel_left\tf_rotation_to_translation_left\r * Drivetrain_left\tf_gearbox_reduction_left\p2.f; */
+  m_V[79] = m_P[33] * m_V[10];
+
+        /* Wheel_right\R_rotational_friction_right\p.e = Wheel_right\R_rotational_friction_right\r * Drivetrain_right\tf_gearbox_reduction_right\p2.f; */
+  m_V[81] = m_P[34] * m_V[22];
+
+        /* Wheel_right\tf_rotation_to_translation_right\p2.f = Wheel_right\tf_rotation_to_translation_right\r * Drivetrain_right\tf_gearbox_reduction_right\p2.f; */
+  m_V[83] = m_P[35] * m_V[22];
+
+        /* Drivetrain_left\R_actuator_left\p.f = Drivetrain_left\i_actuator_left\p2.u / Drivetrain_left\R_actuator_left\r; */
+  m_V[7] = m_V[6] / m_P[5];
+
+        /* Drivetrain_right\R_actuator_right\p.f = Drivetrain_right\i_actuator_left1\p2.u / Drivetrain_right\R_actuator_right\r; */
+  m_V[19] = m_V[18] / m_P[13];
+
+        /* Rigid_body\c_y_right\p.f = Rigid_body\PowerDemuxRight1\output2.f + Rigid_body\PowerDemuxRight\output2.f; */
+  m_R[8] = m_V[58] + m_V[54];
+
+        /* Rigid_body\r_y_left\p.e = Rigid_body\r_y_left\r * Rigid_body\c_y_left\p.f; */
+  m_V[67] = m_P[24] * m_R[7];
+
+        /* Drivetrain_left\gy_motor_constant_left\p2.T = Drivetrain_left\gy_motor_constant_left\r * Drivetrain_left\R_actuator_left\p.f; */
+  m_V[5] = m_P[3] * m_V[7];
+
+        /* Drivetrain_right\gy_motor_constant_right\p2.T = Drivetrain_right\gy_motor_constant_right\r * Drivetrain_right\R_actuator_right\p.f; */
+  m_V[17] = m_P[11] * m_V[19];
+
+        /* Rigid_body\OneJunction12\p2.e = Rigid_body\c_y_left\p.e + Rigid_body\r_y_left\p.e; */
+  m_V[39] = m_V[26] + m_V[67];
+
+        /* Rigid_body\r_y_right\p.e = Rigid_body\r_y_right\r * Rigid_body\c_y_right\p.f; */
+  m_V[68] = m_P[25] * m_R[8];
+
+        /* Rigid_body\c_x_left\p.f = (Rigid_body\PowerDemuxLeft1\output1.f + Rigid_body\PowerDemuxLeft\output1.f) - Wheel_left\tf_rotation_to_translation_left\p2.f; */
+  m_R[5] = (m_V[47] + m_V[43]) - m_V[79];
+
+        /* Rigid_body\c_x_right\p.f = (Rigid_body\PowerDemuxRight1\output1.f + Rigid_body\PowerDemuxRight\output1.f) + Wheel_right\tf_rotation_to_translation_right\p2.f; */
+  m_R[6] = (m_V[55] + m_V[51]) + m_V[83];
+
+        /* Rigid_body\OneJunction13\p2.e = Rigid_body\c_y_right\p.e + Rigid_body\r_y_right\p.e; */
+  m_V[40] = m_V[27] + m_V[68];
+
+        /* Rigid_body\r_x_left\p.e = Rigid_body\r_x_left\r * Rigid_body\c_x_left\p.f; */
+  m_V[65] = m_P[22] * m_R[5];
+
+        /* Rigid_body\r_x_right\p.e = Rigid_body\r_x_right\r * Rigid_body\c_x_right\p.f; */
+  m_V[66] = m_P[23] * m_R[6];
+
+        /* Rigid_body\OneJunction8\p1.e = Rigid_body\r_x_left\p.e + Rigid_body\c_x_left\p.e; */
+  m_V[41] = m_V[65] + m_V[24];
+
+        /* Rigid_body\OneJunction9\p1.e = Rigid_body\r_x_right\p.e + Rigid_body\c_x_right\p.e; */
+  m_V[42] = m_V[66] + m_V[25];
+
+        /* Rigid_body\OneJunction\p2.e = -Rigid_body\OneJunction8\p1.e; */
+  m_V[38] = -m_V[41];
+
+        /* Rigid_body\PowerDemuxLeft\input.e = [Rigid_body\OneJunction8\p1.e; Rigid_body\OneJunction12\p2.e]; */
+  m_M[3].mat[0] = m_V[41];
+  m_M[3].mat[1] = m_V[39];
+
+        /* Rigid_body\PowerDemuxLeft1\input.e = [Rigid_body\OneJunction8\p1.e; Rigid_body\OneJunction12\p2.e]; */
+  m_M[4].mat[0] = m_V[41];
+  m_M[4].mat[1] = m_V[39];
+
+        /* Rigid_body\PowerDemuxRight\input.e = [Rigid_body\OneJunction9\p1.e; Rigid_body\OneJunction13\p2.e]; */
+  m_M[5].mat[0] = m_V[42];
+  m_M[5].mat[1] = m_V[40];
+
+        /* Rigid_body\PowerDemuxRight1\input.e = [Rigid_body\OneJunction9\p1.e; Rigid_body\OneJunction13\p2.e]; */
+  m_M[6].mat[0] = m_V[42];
+  m_M[6].mat[1] = m_V[40];
+
+        /* Rigid_body\tf_wheel_left_wrt_CoM\p1.e = transpose (Rigid_body\tf_wheel_left_wrt_CoM\r) * Rigid_body\PowerDemuxLeft\input.e; */
+  XXMatrixTranspose (&m_M[19], &m_M[10]);
+        /* Rigid_body\tf_wheel_left_wrt_CoM\p1.e = transpose (Rigid_body\tf_wheel_left_wrt_CoM\r) * Rigid_body\PowerDemuxLeft\input.e; */
+  XXScalarMatrixMatrixMul (&m_V[69], &m_M[19], &m_M[3]);
+
+        /* Rigid_body\tf_wheel_right_wrt_CoM\p1.e = transpose (Rigid_body\tf_wheel_right_wrt_CoM\r) * Rigid_body\PowerDemuxRight\input.e; */
+  XXMatrixTranspose (&m_M[20], &m_M[12]);
+        /* Rigid_body\tf_wheel_right_wrt_CoM\p1.e = transpose (Rigid_body\tf_wheel_right_wrt_CoM\r) * Rigid_body\PowerDemuxRight\input.e; */
+  XXScalarMatrixMatrixMul (&m_V[72], &m_M[20], &m_M[5]);
+
+        /* Rigid_body\v_xy_CoM\p3.e = -(Rigid_body\PowerDemuxRight1\input.e + Rigid_body\PowerDemuxLeft1\input.e); */
+  XXMatrixAdd (&m_M[21], &m_M[6], &m_M[4]);
+        /* Rigid_body\v_xy_CoM\p3.e = -(Rigid_body\PowerDemuxRight1\input.e + Rigid_body\PowerDemuxLeft1\input.e); */
+  XXMatrixInv (&m_M[13], &m_M[21]);
+
+        /* Rigid_body\m_RELbot\p.e = (1.0 / transpose (Rigid_body\RTF\r)) * Rigid_body\v_xy_CoM\p3.e; */
+  XXMatrixTranspose (&m_M[23], &m_M[8]);
+  XXScalarMatrixDiv (&m_M[22], 1.0, &m_M[23], m_workarray);
+        /* Rigid_body\m_RELbot\p.e = (1.0 / transpose (Rigid_body\RTF\r)) * Rigid_body\v_xy_CoM\p3.e; */
+  XXMatrixMul (&m_M[14], &m_M[22], &m_M[13]);
+
+        /* Rigid_body\J_RELbot\p.e = -(Rigid_body\tf_wheel_left_wrt_CoM\p1.e + Rigid_body\tf_wheel_right_wrt_CoM\p1.e); */
+  m_R[11] = -(m_V[69] + m_V[72]);
+
+        /* Wheel_left\tf_rotation_to_translation_left\p1.e = Wheel_left\tf_rotation_to_translation_left\r * Rigid_body\OneJunction\p2.e; */
+  m_V[78] = m_P[33] * m_V[38];
+
+        /* Wheel_right\tf_rotation_to_translation_right\p1.e = Wheel_right\tf_rotation_to_translation_right\r * Rigid_body\OneJunction9\p1.e; */
+  m_V[82] = m_P[35] * m_V[42];
+
+        /* Wheel_left\w_wheel_left\p1.T = Wheel_left\tf_rotation_to_translation_left\p1.e + Wheel_left\R_rotational_friction_left\p.e; */
+  m_V[80] = m_V[78] + m_V[77];
+
+        /* Wheel_right\w_wheel_right\p1.T = Wheel_right\tf_rotation_to_translation_right\p1.e + Wheel_right\R_rotational_friction_right\p.e; */
+  m_V[84] = m_V[82] + m_V[81];
+
+        /* Drivetrain_left\tf_gearbox_reduction_left\p1.e = Drivetrain_left\tf_gearbox_reduction_left\r * Wheel_left\w_wheel_left\p1.T; */
+  m_V[9] = m_P[7] * m_V[80];
+
+        /* Drivetrain_right\tf_gearbox_reduction_right\p1.e = Drivetrain_right\tf_gearbox_reduction_right\r * Wheel_right\w_wheel_right\p1.T; */
+  m_V[21] = m_P[15] * m_V[84];
+
+        /* Drivetrain_left\J_rotor_left\p.e = Drivetrain_left\gy_motor_constant_left\p2.T - (Drivetrain_left\tf_gearbox_reduction_left\p1.e + Drivetrain_left\R_rotational_friction_left\p.e); */
+  m_R[1] = m_V[5] - (m_V[9] + m_V[8]);
+
+        /* Drivetrain_right\J_rotor_right\p.e = Drivetrain_right\gy_motor_constant_right\p2.T - (Drivetrain_right\tf_gearbox_reduction_right\p1.e + Drivetrain_right\R_rotational_friction_right\p.e); */
+  m_R[3] = m_V[17] - (m_V[21] + m_V[20]);
@@ -725,16 +724,16 @@
-void Plant::CalculateOutput (void)
-{
-	/* c_position_x = Rigid_body\Demux\output1; */
-	m_V[85] = m_V[28];
-
-	/* d_position_y = Rigid_body\Demux\output2; */
-	m_V[86] = m_V[29];
-
-	/* a_pos_feedback_left = Drivetrain_left\Gain\output; */
-	m_V[87] = m_V[3];
-
-	/* b_pos_feedback_right = Drivetrain_right\Gain\output; */
-	m_V[88] = m_V[15];
-
-	/* e_theta_z = Rigid_body\AngleBody\output; */
-	m_V[89] = m_s[4];
+void Plant::CalculateOutput(void)
+{
+        /* c_position_x = Rigid_body\Demux\output1; */
+  m_V[85] = m_V[28];
+
+        /* d_position_y = Rigid_body\Demux\output2; */
+  m_V[86] = m_V[29];
+
+        /* a_pos_feedback_left = Drivetrain_left\Gain\output; */
+  m_V[87] = m_V[3];
+
+        /* b_pos_feedback_right = Drivetrain_right\Gain\output; */
+  m_V[88] = m_V[15];
+
+        /* e_theta_z = Rigid_body\AngleBody\output; */
+  m_V[89] = m_s[4];
@@ -748,5 +747,4 @@
-void Plant::CalculateFinal (void)
-{
-
-}
-
+void Plant::CalculateFinal(void)
+{
+
+}
@@ -757,9 +755,7 @@
-	if ((newtime <= 0.0) || ( newtime > m_time))
-	{
-		m_finish_time = newtime;
-		return true;
-	}
-
-	return false;
-}
-
+  if ((newtime <= 0.0) || ( newtime > m_time)) {
+    m_finish_time = newtime;
+    return true;
+  }
+
+  return false;
+}

Code style divergence in file 'src/relbot_simulator.cpp':

--- src/relbot_simulator.cpp
+++ src/relbot_simulator.cpp.uncrustify
@@ -6 +6,2 @@
-RELbotSimulator::RELbotSimulator(double time_step) : Node("RELbot_simulator")
+RELbotSimulator::RELbotSimulator(double time_step)
+: Node("RELbot_simulator")
@@ -13,2 +14 @@
-  if (time_step == 0.0)
-  {
+  if (time_step == 0.0) {
@@ -19,3 +19,5 @@
-  dynamics_timer_ = this->create_wall_timer(std::chrono::duration<double>(time_step), std::bind(&RELbotSimulator::dynamics_timer_callback, this));
-
-  image_stream_timer_ = this->create_wall_timer(std::chrono::duration<double>(1.0 / image_stream_FPS), std::bind(&RELbotSimulator::image_stream_timer_callback, this));
+  dynamics_timer_ = this->create_wall_timer(std::chrono::duration<double>(time_step),
+    std::bind(&RELbotSimulator::dynamics_timer_callback, this));
+
+  image_stream_timer_ = this->create_wall_timer(std::chrono::duration<double>(1.0 /
+    image_stream_FPS), std::bind(&RELbotSimulator::image_stream_timer_callback, this));
@@ -49,3 +51,6 @@
-  moving_camera_output_topic_ = this->create_publisher<sensor_msgs::msg::Image>("output/moving_camera", 1);
-  camera_position_topic_ = this->create_publisher<geometry_msgs::msg::PointStamped>("output/camera_position", 1);
-  robot_pose_topic = this->create_publisher<geometry_msgs::msg::PoseStamped>("output/robot_pose", 1);
+  moving_camera_output_topic_ =
+    this->create_publisher<sensor_msgs::msg::Image>("output/moving_camera", 1);
+  camera_position_topic_ =
+    this->create_publisher<geometry_msgs::msg::PointStamped>("output/camera_position", 1);
+  robot_pose_topic = this->create_publisher<geometry_msgs::msg::PoseStamped>("output/robot_pose",
+    1);
@@ -61,4 +66,4 @@
-      RELbotSimulator::WEBCAM_IMAGE, 10, std::bind(&RELbotSimulator::webcam_topic_callback, this, _1));
-
-  if (RELbotSimulator::useTwistCmd_)
-  {
+      RELbotSimulator::WEBCAM_IMAGE, 10,
+    std::bind(&RELbotSimulator::webcam_topic_callback, this, _1));
+
+  if (RELbotSimulator::useTwistCmd_) {
@@ -71,3 +76 @@
-  }
-  else
-  {
+  } else {
@@ -78 +81 @@
-        RELbotSimulator::RIGHT_MOTOR_NAMESPACE + RELbotSimulator::SETPOINT_VEL_TOPIC;
+      RELbotSimulator::RIGHT_MOTOR_NAMESPACE + RELbotSimulator::SETPOINT_VEL_TOPIC;
@@ -85 +88 @@
-        RELbotSimulator::LEFT_MOTOR_NAMESPACE + RELbotSimulator::SETPOINT_VEL_TOPIC;
+      RELbotSimulator::LEFT_MOTOR_NAMESPACE + RELbotSimulator::SETPOINT_VEL_TOPIC;
@@ -111,4 +114,6 @@
-    /* Hi students, code author here. Twists and reference frames are confusing and need rigid definitions. Even ChatGPT struggled with comprehending this 😃. 
-    Also, just using separate wheel velocities is totally okay and the originally intended way to control this sim 😉 */
-  left_wheel_vel = -((linearVelSetpoint - ((angularVelSetpoint * wheelBaseWidth_) / 2)) / wheelRadius_);
-  right_wheel_vel = ((linearVelSetpoint + ((angularVelSetpoint * wheelBaseWidth_) / 2)) / wheelRadius_);
+  /* Hi students, code author here. Twists and reference frames are confusing and need rigid definitions. Even ChatGPT struggled with comprehending this 😃.
+  Also, just using separate wheel velocities is totally okay and the originally intended way to control this sim 😉 */
+  left_wheel_vel = -((linearVelSetpoint - ((angularVelSetpoint * wheelBaseWidth_) / 2)) /
+    wheelRadius_);
+  right_wheel_vel = ((linearVelSetpoint + ((angularVelSetpoint * wheelBaseWidth_) / 2)) /
+    wheelRadius_);
@@ -122 +127,2 @@
-void RELbotSimulator::rightMotorSetpointVelCallback(const example_interfaces::msg::Float64::SharedPtr setpointVel)
+void RELbotSimulator::rightMotorSetpointVelCallback(
+  const example_interfaces::msg::Float64::SharedPtr setpointVel)
@@ -128 +134,2 @@
-void RELbotSimulator::leftMotorSetpointVelCallback(const example_interfaces::msg::Float64::SharedPtr setpointVel)
+void RELbotSimulator::leftMotorSetpointVelCallback(
+  const example_interfaces::msg::Float64::SharedPtr setpointVel)
@@ -151 +158,3 @@
-  RCLCPP_INFO_THROTTLE(this->get_logger(), clock, 500, "Sim state!   [time, x,y, θz] = [%f, %f, %f, %f]", duration.seconds(), output_vector[2], output_vector[3], output_vector[4]);
+  RCLCPP_INFO_THROTTLE(this->get_logger(), clock, 500,
+    "Sim state!   [time, x,y, θz] = [%f, %f, %f, %f]", duration.seconds(), output_vector[2],
+    output_vector[3], output_vector[4]);
@@ -177,2 +186 @@
-  if (input_image == nullptr)
-  {
+  if (input_image == nullptr) {
@@ -198 +206,2 @@
-  output_image_ = RELbotSimulator::CreateCVSubimage(input_image, center_pixel_x, center_pixel_y, output_image_dim);
+  output_image_ = RELbotSimulator::CreateCVSubimage(input_image, center_pixel_x, center_pixel_y,
+    output_image_dim);
@@ -220 +229,3 @@
-cv::Mat RELbotSimulator::CreateCVSubimage(const sensor_msgs::msg::Image::SharedPtr msg_cam_img, const int center_pixel_x, const int center_pixel_y, int output_image_dim)
+cv::Mat RELbotSimulator::CreateCVSubimage(
+  const sensor_msgs::msg::Image::SharedPtr msg_cam_img,
+  const int center_pixel_x, const int center_pixel_y, int output_image_dim)

17 files with code style divergence
No code style divergence in file 'common/MotionProfiles.h'

-- run_test.py: return code 1
-- run_test.py: verify result file '/home/ubuntu/relBot/build/relbot_simulator/test_results/relbot_simulator/uncrustify.xunit.xml'
<end of output>
Test time =   0.72 sec
----------------------------------------------------------
Test Failed.
"uncrustify" end time: Mar 30 23:44 CEST
"uncrustify" time elapsed: 00:00:00
----------------------------------------------------------

6/6 Testing: xmllint
6/6 Test: xmllint
Command: "/usr/bin/python3" "-u" "/opt/ros/jazzy/share/ament_cmake_test/cmake/run_test.py" "/home/ubuntu/relBot/build/relbot_simulator/test_results/relbot_simulator/xmllint.xunit.xml" "--package-name" "relbot_simulator" "--output-file" "/home/ubuntu/relBot/build/relbot_simulator/ament_xmllint/xmllint.txt" "--command" "/opt/ros/jazzy/bin/ament_xmllint" "--xunit-file" "/home/ubuntu/relBot/build/relbot_simulator/test_results/relbot_simulator/xmllint.xunit.xml"
Directory: /home/ubuntu/relBot/src/relbot_simulator
"xmllint" start time: Mar 30 23:44 CEST
Output:
----------------------------------------------------------
-- run_test.py: invoking following command in '/home/ubuntu/relBot/src/relbot_simulator':
 - /opt/ros/jazzy/bin/ament_xmllint --xunit-file /home/ubuntu/relBot/build/relbot_simulator/test_results/relbot_simulator/xmllint.xunit.xml
File 'package.xml' is valid

No problems found
-- run_test.py: return code 0
-- run_test.py: verify result file '/home/ubuntu/relBot/build/relbot_simulator/test_results/relbot_simulator/xmllint.xunit.xml'
<end of output>
Test time =   0.60 sec
----------------------------------------------------------
Test Passed.
"xmllint" end time: Mar 30 23:44 CEST
"xmllint" time elapsed: 00:00:00
----------------------------------------------------------

End testing: Mar 30 23:44 CEST

copyright =   0.45 sec*proc

cppcheck =   0.52 sec*proc

cpplint =   1.57 sec*proc

lint_cmake =   0.18 sec*proc

linter =   4.03 sec*proc

uncrustify =   0.72 sec*proc

xmllint =   0.60 sec*proc

