Start testing: Mar 30 23:44 CEST
----------------------------------------------------------
1/4 Testing: cppcheck
1/4 Test: cppcheck
Command: "/usr/bin/python3" "-u" "/opt/ros/jazzy/share/ament_cmake_test/cmake/run_test.py" "/home/ubuntu/relBot/build/my_image_processor/test_results/my_image_processor/cppcheck.xunit.xml" "--package-name" "my_image_processor" "--output-file" "/home/ubuntu/relBot/build/my_image_processor/ament_cppcheck/cppcheck.txt" "--command" "/opt/ros/jazzy/bin/ament_cppcheck" "--xunit-file" "/home/ubuntu/relBot/build/my_image_processor/test_results/my_image_processor/cppcheck.xunit.xml" "--include_dirs" "/home/ubuntu/relBot/src/my_image_processor/include"
Directory: /home/ubuntu/relBot/src/my_image_processor
"cppcheck" start time: Mar 30 23:44 CEST
Output:
----------------------------------------------------------
-- run_test.py: invoking following command in '/home/ubuntu/relBot/src/my_image_processor':
 - /opt/ros/jazzy/bin/ament_cppcheck --xunit-file /home/ubuntu/relBot/build/my_image_processor/test_results/my_image_processor/cppcheck.xunit.xml --include_dirs /home/ubuntu/relBot/src/my_image_processor/include
cppcheck 2.13.0 has known performance issues and therefore will not be used, set the AMENT_CPPCHECK_ALLOW_SLOW_VERSIONS environment variable to override this.
-- run_test.py: return code 0
-- run_test.py: verify result file '/home/ubuntu/relBot/build/my_image_processor/test_results/my_image_processor/cppcheck.xunit.xml'
<end of output>
Test time =   0.34 sec
----------------------------------------------------------
Test Passed.
"cppcheck" end time: Mar 30 23:44 CEST
"cppcheck" time elapsed: 00:00:00
----------------------------------------------------------

2/4 Testing: lint_cmake
2/4 Test: lint_cmake
Command: "/usr/bin/python3" "-u" "/opt/ros/jazzy/share/ament_cmake_test/cmake/run_test.py" "/home/ubuntu/relBot/build/my_image_processor/test_results/my_image_processor/lint_cmake.xunit.xml" "--package-name" "my_image_processor" "--output-file" "/home/ubuntu/relBot/build/my_image_processor/ament_lint_cmake/lint_cmake.txt" "--command" "/opt/ros/jazzy/bin/ament_lint_cmake" "--xunit-file" "/home/ubuntu/relBot/build/my_image_processor/test_results/my_image_processor/lint_cmake.xunit.xml"
Directory: /home/ubuntu/relBot/src/my_image_processor
"lint_cmake" start time: Mar 30 23:44 CEST
Output:
----------------------------------------------------------
-- run_test.py: invoking following command in '/home/ubuntu/relBot/src/my_image_processor':
 - /opt/ros/jazzy/bin/ament_lint_cmake --xunit-file /home/ubuntu/relBot/build/my_image_processor/test_results/my_image_processor/lint_cmake.xunit.xml
CMakeLists.txt:12: Line ends in whitespace [whitespace/eol]
CMakeLists.txt:13: Line ends in whitespace [whitespace/eol]
CMakeLists.txt:18: Line ends in whitespace [whitespace/eol]
CMakeLists.txt:19: Line ends in whitespace [whitespace/eol]
CMakeLists.txt:23: Line ends in whitespace [whitespace/eol]
CMakeLists.txt:29: Line ends in whitespace [whitespace/eol]
CMakeLists.txt:33: Line ends in whitespace [whitespace/eol]
CMakeLists.txt:34: Line ends in whitespace [whitespace/eol]
CMakeLists.txt:35: Line ends in whitespace [whitespace/eol]
CMakeLists.txt:36: Line ends in whitespace [whitespace/eol]
CMakeLists.txt:37: Line ends in whitespace [whitespace/eol]


11 errors
-- run_test.py: return code 1
-- run_test.py: verify result file '/home/ubuntu/relBot/build/my_image_processor/test_results/my_image_processor/lint_cmake.xunit.xml'
<end of output>
Test time =   0.40 sec
----------------------------------------------------------
Test Failed.
"lint_cmake" end time: Mar 30 23:44 CEST
"lint_cmake" time elapsed: 00:00:00
----------------------------------------------------------

3/4 Testing: uncrustify
3/4 Test: uncrustify
Command: "/usr/bin/python3" "-u" "/opt/ros/jazzy/share/ament_cmake_test/cmake/run_test.py" "/home/ubuntu/relBot/build/my_image_processor/test_results/my_image_processor/uncrustify.xunit.xml" "--package-name" "my_image_processor" "--output-file" "/home/ubuntu/relBot/build/my_image_processor/ament_uncrustify/uncrustify.txt" "--command" "/opt/ros/jazzy/bin/ament_uncrustify" "--xunit-file" "/home/ubuntu/relBot/build/my_image_processor/test_results/my_image_processor/uncrustify.xunit.xml"
Directory: /home/ubuntu/relBot/src/my_image_processor
"uncrustify" start time: Mar 30 23:44 CEST
Output:
----------------------------------------------------------
-- run_test.py: invoking following command in '/home/ubuntu/relBot/src/my_image_processor':
 - /opt/ros/jazzy/bin/ament_uncrustify --xunit-file /home/ubuntu/relBot/build/my_image_processor/test_results/my_image_processor/uncrustify.xunit.xml
Code style divergence in file 'include/image_processor.hpp':

--- include/image_processor.hpp
+++ include/image_processor.hpp.uncrustify
@@ -11 +11 @@
-    ImageProcessor();
+  ImageProcessor();
@@ -14,2 +14,2 @@
-    void image_callback(const sensor_msgs::msg::Image::SharedPtr msg);
-    rclcpp::Subscription<sensor_msgs::msg::Image>::SharedPtr subscription_;
+  void image_callback(const sensor_msgs::msg::Image::SharedPtr msg);
+  rclcpp::Subscription<sensor_msgs::msg::Image>::SharedPtr subscription_;

Code style divergence in file 'src/image_processor.cpp':

--- src/image_processor.cpp
+++ src/image_processor.cpp.uncrustify
@@ -3,2 +3,4 @@
-ImageProcessor::ImageProcessor() : Node("image_processor") {
-    subscription_ = this->create_subscription<sensor_msgs::msg::Image>(
+ImageProcessor::ImageProcessor()
+: Node("image_processor")
+{
+  subscription_ = this->create_subscription<sensor_msgs::msg::Image>(
@@ -7 +9 @@
-    RCLCPP_INFO(this->get_logger(), "ImageProcessor node started. Waiting for images...");
+  RCLCPP_INFO(this->get_logger(), "ImageProcessor node started. Waiting for images...");
@@ -27,2 +29,3 @@
-void ImageProcessor::image_callback(const sensor_msgs::msg::Image::SharedPtr msg) {
-    try {
+void ImageProcessor::image_callback(const sensor_msgs::msg::Image::SharedPtr msg)
+{
+  try {
@@ -30 +33 @@
-         cv::Mat cv_image = cv_bridge::toCvCopy(msg, "bgr8")->image;
+    cv::Mat cv_image = cv_bridge::toCvCopy(msg, "bgr8")->image;
@@ -33,3 +36,3 @@
-         std::vector<cv::Mat> channels(3);
-         cv::split(cv_image, channels);  // Split into B, G, R
- 
+    std::vector<cv::Mat> channels(3);
+    cv::split(cv_image, channels);       // Split into B, G, R
+
@@ -37,3 +40,3 @@
-         cv::Mat blue_image, green_image, red_image;
-         cv::Mat zero_channel = cv::Mat::zeros(cv_image.size(), CV_8UC1);
- 
+    cv::Mat blue_image, green_image, red_image;
+    cv::Mat zero_channel = cv::Mat::zeros(cv_image.size(), CV_8UC1);
+
@@ -41,4 +44,4 @@
-         cv::merge(std::vector<cv::Mat>{channels[0], zero_channel, zero_channel}, blue_image);  // Blue image
-         cv::merge(std::vector<cv::Mat>{zero_channel, channels[1], zero_channel}, green_image); // Green image
-         cv::merge(std::vector<cv::Mat>{zero_channel, zero_channel, channels[2]}, red_image);   // Red image
- 
+    cv::merge(std::vector<cv::Mat>{channels[0], zero_channel, zero_channel}, blue_image);       // Blue image
+    cv::merge(std::vector<cv::Mat>{zero_channel, channels[1], zero_channel}, green_image);      // Green image
+    cv::merge(std::vector<cv::Mat>{zero_channel, zero_channel, channels[2]}, red_image);        // Red image
+
@@ -46,7 +49,7 @@
-      cv::imshow("Blue Channel", blue_image);
-      cv::imshow("Green Channel", green_image);
-      cv::imshow("Red Channel", red_image);
-      cv::waitKey(1);
-    } catch (const std::exception &e) {
-        RCLCPP_ERROR(this->get_logger(), "Image processing failed: %s", e.what());
-    }
+    cv::imshow("Blue Channel", blue_image);
+    cv::imshow("Green Channel", green_image);
+    cv::imshow("Red Channel", red_image);
+    cv::waitKey(1);
+  } catch (const std::exception & e) {
+    RCLCPP_ERROR(this->get_logger(), "Image processing failed: %s", e.what());
+  }
@@ -56,6 +59,6 @@
-
-int main(int argc, char **argv) {
-    rclcpp::init(argc, argv);
-    rclcpp::spin(std::make_shared<ImageProcessor>());
-    rclcpp::shutdown();
-    return 0;
+int main(int argc, char **argv)
+{
+  rclcpp::init(argc, argv);
+  rclcpp::spin(std::make_shared<ImageProcessor>());
+  rclcpp::shutdown();
+  return 0;

2 files with code style divergence
-- run_test.py: return code 1
-- run_test.py: verify result file '/home/ubuntu/relBot/build/my_image_processor/test_results/my_image_processor/uncrustify.xunit.xml'
<end of output>
Test time =   0.50 sec
----------------------------------------------------------
Test Failed.
"uncrustify" end time: Mar 30 23:44 CEST
"uncrustify" time elapsed: 00:00:00
----------------------------------------------------------

4/4 Testing: xmllint
4/4 Test: xmllint
Command: "/usr/bin/python3" "-u" "/opt/ros/jazzy/share/ament_cmake_test/cmake/run_test.py" "/home/ubuntu/relBot/build/my_image_processor/test_results/my_image_processor/xmllint.xunit.xml" "--package-name" "my_image_processor" "--output-file" "/home/ubuntu/relBot/build/my_image_processor/ament_xmllint/xmllint.txt" "--command" "/opt/ros/jazzy/bin/ament_xmllint" "--xunit-file" "/home/ubuntu/relBot/build/my_image_processor/test_results/my_image_processor/xmllint.xunit.xml"
Directory: /home/ubuntu/relBot/src/my_image_processor
"xmllint" start time: Mar 30 23:44 CEST
Output:
----------------------------------------------------------
-- run_test.py: invoking following command in '/home/ubuntu/relBot/src/my_image_processor':
 - /opt/ros/jazzy/bin/ament_xmllint --xunit-file /home/ubuntu/relBot/build/my_image_processor/test_results/my_image_processor/xmllint.xunit.xml
File 'package.xml' is valid

No problems found
-- run_test.py: return code 0
-- run_test.py: verify result file '/home/ubuntu/relBot/build/my_image_processor/test_results/my_image_processor/xmllint.xunit.xml'
<end of output>
Test time =   0.76 sec
----------------------------------------------------------
Test Passed.
"xmllint" end time: Mar 30 23:44 CEST
"xmllint" time elapsed: 00:00:00
----------------------------------------------------------

End testing: Mar 30 23:44 CEST

cppcheck =   0.34 sec*proc

lint_cmake =   0.40 sec*proc

linter =   2.01 sec*proc

uncrustify =   0.50 sec*proc

xmllint =   0.76 sec*proc

